#
# A fatal error has been detected by the Java Runtime Environment:
#
#  SIGSEGV (0xb) at pc=0x00007f7effec6564, pid=4704, tid=140182402750208
#
# JRE version: Java(TM) SE Runtime Environment (8.0_72-b15) (build 1.8.0_72-b15)
# Java VM: Java HotSpot(TM) 64-Bit Server VM (25.72-b15 mixed mode linux-amd64 compressed oops)
# Problematic frame:
# V  [libjvm.so+0x8a6564]  Method::checked_resolve_jmethod_id(_jmethodID*)+0x34
#
# Failed to write core dump. Core dumps have been disabled. To enable core dumping, try "ulimit -c unlimited" before starting Java again
#
# If you would like to submit a bug report, please visit:
#   http://bugreport.java.com/bugreport/crash.jsp
#

---------------  T H R E A D  ---------------

Current thread (0x00007f7ef80cf800):  JavaThread "JDWP Transport Listener: dt_socket" daemon [_thread_in_vm, id=4729, stack(0x00007f7ec241d000,0x00007f7ec251e000)]

siginfo: si_signo: 11 (SIGSEGV), si_code: 128 (SI_KERNEL), si_addr: 0x0000000000000000

Registers:
RAX=0x650056293b676e69, RBX=0x00007f7eb0003a20, RCX=0x00007f7f00ff8320, RDX=0x00007f7f005d5640
RSP=0x00007f7ec251c810, RBP=0x00007f7ec251c820, RSI=0x00007f7ef80cf800, RDI=0x00007f7eb0003a20
R8 =0x0000000000000000, R9 =0x00007f7eb0003a10, R10=0x0000000000000010, R11=0x00007f7f00787a30
R12=0x0000000000000017, R13=0x00007f7eb0000088, R14=0x00007f7ef80cf800, R15=0x00007f7ec251c927
RIP=0x00007f7effec6564, EFLAGS=0x0000000000010212, CSGSFS=0x0000000000000033, ERR=0x0000000000000000
  TRAPNO=0x000000000000000d

Top of Stack: (sp=0x00007f7ec251c810)
0x00007f7ec251c810:   0000000000000074 00007f7ef80046e0
0x00007f7ec251c820:   00007f7ec251c890 00007f7effd56cae
0x00007f7ec251c830:   0000000000000073 00007f7ec251c840
0x00007f7ec251c840:   00007f7ef80cf800 0000000000000000
0x00007f7ec251c850:   00007f7e00000000 0000000000000000
0x00007f7ec251c860:   00007f7ec251c880 00007f7efecd6e40
0x00007f7ec251c870:   00007f7eb0000088 00007f7ec251c927
0x00007f7ec251c880:   0000000000000001 00007f7ec251c927
0x00007f7ec251c890:   00007f7ec251c8c0 00007f7efeac28c2
0x00007f7ec251c8a0:   00007f7ec251c8c0 00007f7eb0000088
0x00007f7ec251c8b0:   00007f7ec251c990 0000000000000008
0x00007f7ec251c8c0:   00007f7ec251c950 00007f7efeaa3aa0
0x00007f7ec251c8d0:   00007f7ec251c908 00007f7ec251c900
0x00007f7ec251c8e0:   00007f7ec251c8f8 00007f7ec251c91c
0x00007f7ec251c8f0:   00000001b0002fc0 0000000000000000
0x00007f7ec251c900:   0000000000000000 0000000000000000
0x00007f7ec251c910:   00007f7eb000b540 00000009c251c990
0x00007f7ec251c920:   0000000000000003 0000000000000002
0x00007f7ec251c930:   000000000000000f 0000000000000002
0x00007f7ec251c940:   00000000000f0200 000000000000000f
0x00007f7ec251c950:   00007f7ec251cba0 00007f7efeaae9c6
0x00007f7ec251c960:   0000035500000013 00007f7eff0f0200
0x00007f7ec251c970:   00007f7ea8000fb0 0000000000000000
0x00007f7ec251c980:   00007f7ec251c990 00007f7ec251cb20
0x00007f7ec251c990:   00007f7ec251ca16 00007f7e000000f6
0x00007f7ec251c9a0:   00007f7ec251c9a8 0000000000000036
0x00007f7ec251c9b0:   00007f7ec251c9e0 0000000000000000
0x00007f7ec251c9c0:   00007f0000000000 000003550000001c
0x00007f7ec251c9d0:   00007f7e0000cb80 00007f7ec251c9e0
0x00007f7ec251c9e0:   7e7f000003000000 04000000e0511df8
0x00007f7ec251c9f0:   160000006e69616d 2f6176616a4c5b28
0x00007f7ec251ca00:   7274532f676e616c 000056293b676e69 

Instructions: (pc=0x00007f7effec6564)
0x00007f7effec6544:   83 c4 08 5b c9 c3 66 0f 1f 44 00 00 48 8b 1f 48
0x00007f7effec6554:   85 db 74 e6 48 83 fb 37 74 e0 48 8b 03 48 89 df
0x00007f7effec6564:   ff 50 10 84 c0 0f 1f 80 00 00 00 00 75 ce 66 0f
0x00007f7effec6574:   1f 44 00 00 eb c4 66 0f 1f 44 00 00 55 48 89 e5 

Register to memory mapping:

RAX=0x650056293b676e69 is an unknown value
RBX=0x00007f7eb0003a20 is an unknown value
RCX=0x00007f7f00ff8320: <offset 0x219320> in /lib/x86_64-linux-gnu/libpthread.so.0 at 0x00007f7f00ddf000
RDX=0x00007f7f005d5640: <offset 0xfb5640> in /usr/lib/jvm/java-8-oracle/jre/lib/amd64/server/libjvm.so at 0x00007f7eff620000
RSP=0x00007f7ec251c810 is pointing into the stack for thread: 0x00007f7ef80cf800
RBP=0x00007f7ec251c820 is pointing into the stack for thread: 0x00007f7ef80cf800
RSI=0x00007f7ef80cf800 is a thread
RDI=0x00007f7eb0003a20 is an unknown value
R8 =0x0000000000000000 is an unknown value
R9 =0x00007f7eb0003a10 is an unknown value
R10=0x0000000000000010 is an unknown value
R11=0x00007f7f00787a30: <offset 0x187a30> in /lib/x86_64-linux-gnu/libc.so.6 at 0x00007f7f00600000
R12=0x0000000000000017 is an unknown value
R13=0x00007f7eb0000088 is an unknown value
R14=0x00007f7ef80cf800 is a thread
R15=0x00007f7ec251c927 is pointing into the stack for thread: 0x00007f7ef80cf800


Stack: [0x00007f7ec241d000,0x00007f7ec251e000],  sp=0x00007f7ec251c810,  free space=1022k
Native frames: (J=compiled Java code, j=interpreted, Vv=VM code, C=native code)
V  [libjvm.so+0x8a6564]  Method::checked_resolve_jmethod_id(_jmethodID*)+0x34
V  [libjvm.so+0x736cae]  jvmti_IsMethodSynthetic+0x2be
C  [libjdwp.so+0x258c2]  isMethodSynthetic+0x42
C  [libjdwp.so+0x6aa0]  methods1+0x1b0
C  [libjdwp.so+0x119c6]  debugLoop_run+0x2b6
C  [libjdwp.so+0x247ff]  attachThread+0x2f
V  [libjvm.so+0x7a3432]  JvmtiAgentThread::call_start_function()+0xc2
V  [libjvm.so+0xa69dcf]  JavaThread::thread_main_inner()+0xdf
V  [libjvm.so+0xa69efc]  JavaThread::run()+0x11c
V  [libjvm.so+0x91d9d8]  java_start(Thread*)+0x108
C  [libpthread.so.0+0x8182]  start_thread+0xc2


---------------  P R O C E S S  ---------------

Java Threads: ( => current thread )
  0x00007f7e8409d000 JavaThread "Scheduler-664395433" [_thread_blocked, id=4754, stack(0x00007f7ec1002000,0x00007f7ec1103000)]
  0x00007f7e84082000 JavaThread "qtp529381999-23" [_thread_blocked, id=4750, stack(0x00007f7ec1103000,0x00007f7ec1204000)]
  0x00007f7e84080800 JavaThread "qtp529381999-22" [_thread_blocked, id=4749, stack(0x00007f7ec1204000,0x00007f7ec1305000)]
  0x00007f7e8407e800 JavaThread "qtp529381999-21" [_thread_blocked, id=4748, stack(0x00007f7ec1305000,0x00007f7ec1406000)]
  0x00007f7e8407d000 JavaThread "qtp529381999-20-acceptor-0@34c390ce-ServerConnector@28bfa4ea{HTTP/1.1,[http/1.1]}{0.0.0.0:4567}" [_thread_in_native, id=4747, stack(0x00007f7ec1406000,0x00007f7ec1507000)]
  0x00007f7e8407b000 JavaThread "qtp529381999-19" [_thread_in_native, id=4746, stack(0x00007f7ec1507000,0x00007f7ec1608000)]
  0x00007f7e84079800 JavaThread "qtp529381999-18" [_thread_in_native, id=4745, stack(0x00007f7ec1608000,0x00007f7ec1709000)]
  0x00007f7e84078000 JavaThread "qtp529381999-17" [_thread_in_native, id=4744, stack(0x00007f7ec1709000,0x00007f7ec180a000)]
  0x00007f7e84077000 JavaThread "qtp529381999-16" [_thread_in_native, id=4743, stack(0x00007f7ec180a000,0x00007f7ec190b000)]
  0x00007f7ef800e000 JavaThread "DestroyJavaVM" [_thread_blocked, id=4714, stack(0x00007f7f010fc000,0x00007f7f011fd000)]
  0x00007f7ef837f800 JavaThread "Thread-1" [_thread_blocked, id=4742, stack(0x00007f7ec1b14000,0x00007f7ec1c15000)]
  0x00007f7ef80f1800 JavaThread "Service Thread" daemon [_thread_blocked, id=4740, stack(0x00007f7ec1d16000,0x00007f7ec1e17000)]
  0x00007f7ef80dc800 JavaThread "C1 CompilerThread3" daemon [_thread_blocked, id=4739, stack(0x00007f7ec1e17000,0x00007f7ec1f18000)]
  0x00007f7ef80da000 JavaThread "C2 CompilerThread2" daemon [_thread_blocked, id=4738, stack(0x00007f7ec1f18000,0x00007f7ec2019000)]
  0x00007f7ef80d8800 JavaThread "C2 CompilerThread1" daemon [_thread_blocked, id=4737, stack(0x00007f7ec2019000,0x00007f7ec211a000)]
  0x00007f7ef80d5800 JavaThread "C2 CompilerThread0" daemon [_thread_blocked, id=4736, stack(0x00007f7ec211a000,0x00007f7ec221b000)]
  0x00007f7eb0001000 JavaThread "JDWP Command Reader" daemon [_thread_in_native, id=4733, stack(0x00007f7ec221b000,0x00007f7ec231c000)]
  0x00007f7ef80d3000 JavaThread "JDWP Event Helper Thread" daemon [_thread_blocked, id=4731, stack(0x00007f7ec231c000,0x00007f7ec241d000)]
=>0x00007f7ef80cf800 JavaThread "JDWP Transport Listener: dt_socket" daemon [_thread_in_vm, id=4729, stack(0x00007f7ec241d000,0x00007f7ec251e000)]
  0x00007f7ef80c2800 JavaThread "Signal Dispatcher" daemon [_thread_blocked, id=4727, stack(0x00007f7ec2722000,0x00007f7ec2823000)]
  0x00007f7ef8090800 JavaThread "Finalizer" daemon [_thread_blocked, id=4725, stack(0x00007f7ec2823000,0x00007f7ec2924000)]
  0x00007f7ef808c000 JavaThread "Reference Handler" daemon [_thread_blocked, id=4724, stack(0x00007f7ec2924000,0x00007f7ec2a25000)]

Other Threads:
  0x00007f7ef8084000 VMThread [stack: 0x00007f7ec2a25000,0x00007f7ec2b26000] [id=4723]
  0x00007f7ef80fc800 WatcherThread [stack: 0x00007f7ec1c15000,0x00007f7ec1d16000] [id=4741]

VM state:not at safepoint (normal execution)

VM Mutex/Monitor currently owned by a thread: None

Heap:
 PSYoungGen      total 36864K, used 21659K [0x00000000d6c00000, 0x00000000d9500000, 0x0000000100000000)
  eden space 31744K, 68% used [0x00000000d6c00000,0x00000000d8126e58,0x00000000d8b00000)
  from space 5120K, 0% used [0x00000000d9000000,0x00000000d9000000,0x00000000d9500000)
  to   space 5120K, 0% used [0x00000000d8b00000,0x00000000d8b00000,0x00000000d9000000)
 ParOldGen       total 84992K, used 0K [0x0000000084400000, 0x0000000089700000, 0x00000000d6c00000)
  object space 84992K, 0% used [0x0000000084400000,0x0000000084400000,0x0000000089700000)
 Metaspace       used 9274K, capacity 9486K, committed 9728K, reserved 1058816K
  class space    used 1069K, capacity 1161K, committed 1280K, reserved 1048576K

Card table byte_map: [0x00007f7efce91000,0x00007f7efd270000] byte_map_base: 0x00007f7efca6f000

Marking Bits: (ParMarkBitMap*) 0x00007f7f005d5100
 Begin Bits: [0x00007f7ed0220000, 0x00007f7ed2110000)
 End Bits:   [0x00007f7ed2110000, 0x00007f7ed4000000)

Polling page: 0x00007f7f0121c000

CodeCache: size=245760Kb used=2719Kb max_used=2719Kb free=243040Kb
 bounds [0x00007f7ee9000000, 0x00007f7ee92b0000, 0x00007f7ef8000000]
 total_blobs=977 nmethods=629 adapters=270
 compilation: enabled

Compilation events (10 events):
Event: 0,476 Thread 0x00007f7ef80dc800  629       3       java.util.regex.Pattern$Start::match (90 bytes)
Event: 0,477 Thread 0x00007f7ef80dc800 nmethod 629 0x00007f7ee92a6e10 code [0x00007f7ee92a6fa0, 0x00007f7ee92a73a8]
Event: 0,477 Thread 0x00007f7ef80dc800  622       3       java.io.BufferedOutputStream::flushBuffer (29 bytes)
Event: 0,477 Thread 0x00007f7ef80dc800 nmethod 622 0x00007f7ee92a7590 code [0x00007f7ee92a7700, 0x00007f7ee92a7968]
Event: 0,477 Thread 0x00007f7ef80dc800  628       3       java.util.regex.Matcher::find (35 bytes)
Event: 0,477 Thread 0x00007f7ef80dc800 nmethod 628 0x00007f7ee92a7a10 code [0x00007f7ee92a7bc0, 0x00007f7ee92a8178]
Event: 0,477 Thread 0x00007f7ef80dc800  627       3       sun.misc.PerfCounter::getFindClasses (4 bytes)
Event: 0,477 Thread 0x00007f7ef80dc800 nmethod 627 0x00007f7ee92a8390 code [0x00007f7ee92a84e0, 0x00007f7ee92a8610]
Event: 0,477 Thread 0x00007f7ef80dc800  630       1       java.lang.Boolean::booleanValue (5 bytes)
Event: 0,477 Thread 0x00007f7ef80dc800 nmethod 630 0x00007f7ee92a8690 code [0x00007f7ee92a87e0, 0x00007f7ee92a88f0]

GC Heap History (0 events):
No events

Deoptimization events (0 events):
No events

Internal exceptions (9 events):
Event: 0,021 Thread 0x00007f7ef800e000 Exception <a 'java/lang/NoSuchMethodError': Method sun.misc.Unsafe.defineClass(Ljava/lang/String;[BII)Ljava/lang/Class; name or signature does not match> (0x00000000d6c07cc0) thrown at [/HUDSON/workspace/8-2-build-linux-amd64/jdk8u72/5732/hotspot/src/shar
Event: 0,021 Thread 0x00007f7ef800e000 Exception <a 'java/lang/NoSuchMethodError': Method sun.misc.Unsafe.prefetchRead(Ljava/lang/Object;J)V name or signature does not match> (0x00000000d6c07fa8) thrown at [/HUDSON/workspace/8-2-build-linux-amd64/jdk8u72/5732/hotspot/src/share/vm/prims/jni.cpp
Event: 0,169 Thread 0x00007f7ef800e000 Exception <a 'java/lang/NoSuchFieldError': method resolution failed> (0x00000000d6ee49b0) thrown at [/HUDSON/workspace/8-2-build-linux-amd64/jdk8u72/5732/hotspot/src/share/vm/prims/methodHandles.cpp, line 1146]
Event: 0,171 Thread 0x00007f7ef800e000 Exception <a 'java/lang/NoSuchFieldError': method resolution failed> (0x00000000d6ef1db0) thrown at [/HUDSON/workspace/8-2-build-linux-amd64/jdk8u72/5732/hotspot/src/share/vm/prims/methodHandles.cpp, line 1146]
Event: 0,215 Thread 0x00007f7ef800e000 Exception <a 'java/security/PrivilegedActionException'> (0x00000000d70a2180) thrown at [/HUDSON/workspace/8-2-build-linux-amd64/jdk8u72/5732/hotspot/src/share/vm/prims/jvm.cpp, line 1386]
Event: 0,215 Thread 0x00007f7ef800e000 Exception <a 'java/security/PrivilegedActionException'> (0x00000000d70a2390) thrown at [/HUDSON/workspace/8-2-build-linux-amd64/jdk8u72/5732/hotspot/src/share/vm/prims/jvm.cpp, line 1386]
Event: 0,216 Thread 0x00007f7ef800e000 Exception <a 'java/security/PrivilegedActionException'> (0x00000000d70a47d0) thrown at [/HUDSON/workspace/8-2-build-linux-amd64/jdk8u72/5732/hotspot/src/share/vm/prims/jvm.cpp, line 1386]
Event: 0,216 Thread 0x00007f7ef800e000 Exception <a 'java/security/PrivilegedActionException'> (0x00000000d70a49e0) thrown at [/HUDSON/workspace/8-2-build-linux-amd64/jdk8u72/5732/hotspot/src/share/vm/prims/jvm.cpp, line 1386]
Event: 0,303 Thread 0x00007f7ef800e000 Exception <a 'java/io/FileNotFoundException'> (0x00000000d754f768) thrown at [/HUDSON/workspace/8-2-build-linux-amd64/jdk8u72/5732/hotspot/src/share/vm/prims/jni.cpp, line 709]

Events (10 events):
Event: 103,660 Executing VM operation: ChangeBreakpoints
Event: 103,660 Executing VM operation: ChangeBreakpoints done
Event: 144,832 Executing VM operation: RedefineClasses
Event: 144,836 Executing VM operation: RedefineClasses done
Event: 144,840 Executing VM operation: ChangeBreakpoints
Event: 144,840 Executing VM operation: ChangeBreakpoints done
Event: 144,840 Executing VM operation: ChangeBreakpoints
Event: 144,841 Executing VM operation: ChangeBreakpoints done
Event: 156,537 Executing VM operation: RedefineClasses
Event: 156,540 Executing VM operation: RedefineClasses done


Dynamic libraries:
00400000-00401000 r-xp 00000000 08:08 819746                             /usr/lib/jvm/java-8-oracle/bin/java
00600000-00601000 rw-p 00000000 08:08 819746                             /usr/lib/jvm/java-8-oracle/bin/java
019a6000-019c7000 rw-p 00000000 00:00 0                                  [heap]
84400000-89700000 rw-p 00000000 00:00 0 
89700000-d6c00000 ---p 00000000 00:00 0 
d6c00000-d9500000 rw-p 00000000 00:00 0 
d9500000-100000000 ---p 00000000 00:00 0 
100000000-100140000 rw-p 00000000 00:00 0 
100140000-140000000 ---p 00000000 00:00 0 
7f7e64000000-7f7e64021000 rw-p 00000000 00:00 0 
7f7e64021000-7f7e68000000 ---p 00000000 00:00 0 
7f7e68000000-7f7e68021000 rw-p 00000000 00:00 0 
7f7e68021000-7f7e6c000000 ---p 00000000 00:00 0 
7f7e6c000000-7f7e6c021000 rw-p 00000000 00:00 0 
7f7e6c021000-7f7e70000000 ---p 00000000 00:00 0 
7f7e70000000-7f7e70021000 rw-p 00000000 00:00 0 
7f7e70021000-7f7e74000000 ---p 00000000 00:00 0 
7f7e74000000-7f7e74021000 rw-p 00000000 00:00 0 
7f7e74021000-7f7e78000000 ---p 00000000 00:00 0 
7f7e78000000-7f7e78021000 rw-p 00000000 00:00 0 
7f7e78021000-7f7e7c000000 ---p 00000000 00:00 0 
7f7e7c000000-7f7e7c021000 rw-p 00000000 00:00 0 
7f7e7c021000-7f7e80000000 ---p 00000000 00:00 0 
7f7e80000000-7f7e80021000 rw-p 00000000 00:00 0 
7f7e80021000-7f7e84000000 ---p 00000000 00:00 0 
7f7e84000000-7f7e8411e000 rw-p 00000000 00:00 0 
7f7e8411e000-7f7e88000000 ---p 00000000 00:00 0 
7f7e88000000-7f7e88021000 rw-p 00000000 00:00 0 
7f7e88021000-7f7e8c000000 ---p 00000000 00:00 0 
7f7e8c000000-7f7e8c021000 rw-p 00000000 00:00 0 
7f7e8c021000-7f7e90000000 ---p 00000000 00:00 0 
7f7e90000000-7f7e90021000 rw-p 00000000 00:00 0 
7f7e90021000-7f7e94000000 ---p 00000000 00:00 0 
7f7e94000000-7f7e94168000 rw-p 00000000 00:00 0 
7f7e94168000-7f7e98000000 ---p 00000000 00:00 0 
7f7e98000000-7f7e98369000 rw-p 00000000 00:00 0 
7f7e98369000-7f7e9c000000 ---p 00000000 00:00 0 
7f7e9c000000-7f7e9c257000 rw-p 00000000 00:00 0 
7f7e9c257000-7f7ea0000000 ---p 00000000 00:00 0 
7f7ea0000000-7f7ea013b000 rw-p 00000000 00:00 0 
7f7ea013b000-7f7ea4000000 ---p 00000000 00:00 0 
7f7ea4000000-7f7ea4021000 rw-p 00000000 00:00 0 
7f7ea4021000-7f7ea8000000 ---p 00000000 00:00 0 
7f7ea8000000-7f7ea8021000 rw-p 00000000 00:00 0 
7f7ea8021000-7f7eac000000 ---p 00000000 00:00 0 
7f7eac000000-7f7eac021000 rw-p 00000000 00:00 0 
7f7eac021000-7f7eb0000000 ---p 00000000 00:00 0 
7f7eb0000000-7f7eb02a7000 rw-p 00000000 00:00 0 
7f7eb02a7000-7f7eb4000000 ---p 00000000 00:00 0 
7f7eb4000000-7f7eb4021000 rw-p 00000000 00:00 0 
7f7eb4021000-7f7eb8000000 ---p 00000000 00:00 0 
7f7eb8000000-7f7eb8021000 rw-p 00000000 00:00 0 
7f7eb8021000-7f7ebc000000 ---p 00000000 00:00 0 
7f7ebc000000-7f7ebc021000 rw-p 00000000 00:00 0 
7f7ebc021000-7f7ec0000000 ---p 00000000 00:00 0 
7f7ec09da000-7f7ec0a1a000 rw-p 00000000 00:00 0 
7f7ec0a1a000-7f7ec0bda000 ---p 00000000 00:00 0 
7f7ec0bda000-7f7ec0beb000 r-xp 00000000 08:08 789645                     /usr/lib/jvm/java-8-oracle/jre/lib/amd64/libnio.so
7f7ec0beb000-7f7ec0dea000 ---p 00011000 08:08 789645                     /usr/lib/jvm/java-8-oracle/jre/lib/amd64/libnio.so
7f7ec0dea000-7f7ec0deb000 rw-p 00010000 08:08 789645                     /usr/lib/jvm/java-8-oracle/jre/lib/amd64/libnio.so
7f7ec0deb000-7f7ec0e01000 r-xp 00000000 08:08 789682                     /usr/lib/jvm/java-8-oracle/jre/lib/amd64/libnet.so
7f7ec0e01000-7f7ec1001000 ---p 00016000 08:08 789682                     /usr/lib/jvm/java-8-oracle/jre/lib/amd64/libnet.so
7f7ec1001000-7f7ec1002000 rw-p 00016000 08:08 789682                     /usr/lib/jvm/java-8-oracle/jre/lib/amd64/libnet.so
7f7ec1002000-7f7ec1005000 ---p 00000000 00:00 0 
7f7ec1005000-7f7ec1103000 rw-p 00000000 00:00 0                          [stack:4754]
7f7ec1103000-7f7ec1106000 ---p 00000000 00:00 0 
7f7ec1106000-7f7ec1204000 rw-p 00000000 00:00 0                          [stack:4750]
7f7ec1204000-7f7ec1207000 ---p 00000000 00:00 0 
7f7ec1207000-7f7ec1305000 rw-p 00000000 00:00 0                          [stack:4749]
7f7ec1305000-7f7ec1308000 ---p 00000000 00:00 0 
7f7ec1308000-7f7ec1406000 rw-p 00000000 00:00 0                          [stack:4748]
7f7ec1406000-7f7ec1409000 ---p 00000000 00:00 0 
7f7ec1409000-7f7ec1507000 rw-p 00000000 00:00 0                          [stack:4747]
7f7ec1507000-7f7ec150a000 ---p 00000000 00:00 0 
7f7ec150a000-7f7ec1608000 rw-p 00000000 00:00 0                          [stack:4746]
7f7ec1608000-7f7ec160b000 ---p 00000000 00:00 0 
7f7ec160b000-7f7ec1709000 rw-p 00000000 00:00 0                          [stack:4745]
7f7ec1709000-7f7ec170c000 ---p 00000000 00:00 0 
7f7ec170c000-7f7ec180a000 rw-p 00000000 00:00 0                          [stack:4744]
7f7ec180a000-7f7ec180d000 ---p 00000000 00:00 0 
7f7ec180d000-7f7ec190b000 rw-p 00000000 00:00 0                          [stack:4743]
7f7ec190b000-7f7ec1914000 r-xp 00000000 08:08 788837                     /usr/lib/jvm/java-8-oracle/jre/lib/amd64/libmanagement.so
7f7ec1914000-7f7ec1b13000 ---p 00009000 08:08 788837                     /usr/lib/jvm/java-8-oracle/jre/lib/amd64/libmanagement.so
7f7ec1b13000-7f7ec1b14000 rw-p 00008000 08:08 788837                     /usr/lib/jvm/java-8-oracle/jre/lib/amd64/libmanagement.so
7f7ec1b14000-7f7ec1b17000 ---p 00000000 00:00 0 
7f7ec1b17000-7f7ec1c15000 rw-p 00000000 00:00 0                          [stack:4742]
7f7ec1c15000-7f7ec1c16000 ---p 00000000 00:00 0 
7f7ec1c16000-7f7ec1d16000 rw-p 00000000 00:00 0                          [stack:4741]
7f7ec1d16000-7f7ec1d19000 ---p 00000000 00:00 0 
7f7ec1d19000-7f7ec1e17000 rw-p 00000000 00:00 0                          [stack:4740]
7f7ec1e17000-7f7ec1e1a000 ---p 00000000 00:00 0 
7f7ec1e1a000-7f7ec1f18000 rw-p 00000000 00:00 0                          [stack:4739]
7f7ec1f18000-7f7ec1f1b000 ---p 00000000 00:00 0 
7f7ec1f1b000-7f7ec2019000 rw-p 00000000 00:00 0                          [stack:4738]
7f7ec2019000-7f7ec201c000 ---p 00000000 00:00 0 
7f7ec201c000-7f7ec211a000 rw-p 00000000 00:00 0                          [stack:4737]
7f7ec211a000-7f7ec211d000 ---p 00000000 00:00 0 
7f7ec211d000-7f7ec221b000 rw-p 00000000 00:00 0                          [stack:4736]
7f7ec221b000-7f7ec221e000 ---p 00000000 00:00 0 
7f7ec221e000-7f7ec231c000 rw-p 00000000 00:00 0                          [stack:4733]
7f7ec231c000-7f7ec231f000 ---p 00000000 00:00 0 
7f7ec231f000-7f7ec241d000 rw-p 00000000 00:00 0                          [stack:4731]
7f7ec241d000-7f7ec2420000 ---p 00000000 00:00 0 
7f7ec2420000-7f7ec251e000 rw-p 00000000 00:00 0                          [stack:4729]
7f7ec251e000-7f7ec2522000 r-xp 00000000 08:08 789694                     /usr/lib/jvm/java-8-oracle/jre/lib/amd64/libdt_socket.so
7f7ec2522000-7f7ec2721000 ---p 00004000 08:08 789694                     /usr/lib/jvm/java-8-oracle/jre/lib/amd64/libdt_socket.so
7f7ec2721000-7f7ec2722000 rw-p 00003000 08:08 789694                     /usr/lib/jvm/java-8-oracle/jre/lib/amd64/libdt_socket.so
7f7ec2722000-7f7ec2725000 ---p 00000000 00:00 0 
7f7ec2725000-7f7ec2823000 rw-p 00000000 00:00 0                          [stack:4727]
7f7ec2823000-7f7ec2826000 ---p 00000000 00:00 0 
7f7ec2826000-7f7ec2924000 rw-p 00000000 00:00 0                          [stack:4725]
7f7ec2924000-7f7ec2927000 ---p 00000000 00:00 0 
7f7ec2927000-7f7ec2a25000 rw-p 00000000 00:00 0                          [stack:4724]
7f7ec2a25000-7f7ec2a26000 ---p 00000000 00:00 0 
7f7ec2a26000-7f7ec4000000 rw-p 00000000 00:00 0                          [stack:4723]
7f7ec4000000-7f7ec4021000 rw-p 00000000 00:00 0 
7f7ec4021000-7f7ec8000000 ---p 00000000 00:00 0 
7f7ec8000000-7f7ec8021000 rw-p 00000000 00:00 0 
7f7ec8021000-7f7ecc000000 ---p 00000000 00:00 0 
7f7ecc000000-7f7ecc021000 rw-p 00000000 00:00 0 
7f7ecc021000-7f7ed0000000 ---p 00000000 00:00 0 
7f7ed0008000-7f7ed0009000 rw-p 00000000 00:00 0 
7f7ed0009000-7f7ed000d000 r--s 00097000 08:08 788774                     /usr/lib/jvm/java-8-oracle/jre/lib/jsse.jar
7f7ed000d000-7f7ed0018000 r--s 00069000 08:09 7472539                    /home/mayamarmalade/.m2/repository/ch/qos/logback/logback-core/1.2.3/logback-core-1.2.3.jar
7f7ed0018000-7f7ed001e000 r--s 00041000 08:09 7472537                    /home/mayamarmalade/.m2/repository/ch/qos/logback/logback-classic/1.2.3/logback-classic-1.2.3.jar
7f7ed001e000-7f7ed4000000 rw-p 00000000 00:00 0 
7f7ed4000000-7f7ed4021000 rw-p 00000000 00:00 0 
7f7ed4021000-7f7ed8000000 ---p 00000000 00:00 0 
7f7ed8000000-7f7ed8021000 rw-p 00000000 00:00 0 
7f7ed8021000-7f7edc000000 ---p 00000000 00:00 0 
7f7edc000000-7f7edc021000 rw-p 00000000 00:00 0 
7f7edc021000-7f7ee0000000 ---p 00000000 00:00 0 
7f7ee0000000-7f7ee0021000 rw-p 00000000 00:00 0 
7f7ee0021000-7f7ee4000000 ---p 00000000 00:00 0 
7f7ee4000000-7f7ee4021000 rw-p 00000000 00:00 0 
7f7ee4021000-7f7ee8000000 ---p 00000000 00:00 0 
7f7ee8000000-7f7ee8001000 rw-p 00000000 00:00 0 
7f7ee8001000-7f7ee8019000 r--s 00132000 08:09 7472417                    /home/mayamarmalade/.m2/repository/org/freemarker/freemarker/2.3.23/freemarker-2.3.23.jar
7f7ee8019000-7f7ee801c000 r--s 00008000 08:09 7472087                    /home/mayamarmalade/.m2/repository/org/eclipse/jetty/websocket/websocket-api/9.4.4.v20170414/websocket-api-9.4.4.v20170414.jar
7f7ee801c000-7f7ee85b2000 rw-p 00000000 00:00 0 
7f7ee85b2000-7f7ee878a000 r--s 03d1d000 08:08 788822                     /usr/lib/jvm/java-8-oracle/jre/lib/rt.jar
7f7ee878a000-7f7ee9000000 rw-p 00000000 00:00 0 
7f7ee9000000-7f7ee92b0000 rwxp 00000000 00:00 0 
7f7ee92b0000-7f7ef8000000 ---p 00000000 00:00 0 
7f7ef8000000-7f7ef84e5000 rw-p 00000000 00:00 0 
7f7ef84e5000-7f7efc000000 ---p 00000000 00:00 0 
7f7efc000000-7f7efc001000 rw-p 00000000 00:00 0 
7f7efc001000-7f7efc003000 r--s 00004000 08:09 7472085                    /home/mayamarmalade/.m2/repository/org/eclipse/jetty/websocket/websocket-servlet/9.4.4.v20170414/websocket-servlet-9.4.4.v20170414.jar
7f7efc003000-7f7efc009000 r--s 0003c000 08:09 7472082                    /home/mayamarmalade/.m2/repository/org/eclipse/jetty/jetty-client/9.4.4.v20170414/jetty-client-9.4.4.v20170414.jar
7f7efc009000-7f7efc00e000 r--s 0002c000 08:09 7472078                    /home/mayamarmalade/.m2/repository/org/eclipse/jetty/websocket/websocket-common/9.4.4.v20170414/websocket-common-9.4.4.v20170414.jar
7f7efc00e000-7f7efc010000 r--s 00007000 08:09 7472076                    /home/mayamarmalade/.m2/repository/org/eclipse/jetty/websocket/websocket-server/9.4.4.v20170414/websocket-server-9.4.4.v20170414.jar
7f7efc010000-7f7efc013000 r--s 00014000 08:09 7472074                    /home/mayamarmalade/.m2/repository/org/eclipse/jetty/jetty-security/9.4.4.v20170414/jetty-security-9.4.4.v20170414.jar
7f7efc013000-7f7efc015000 r--s 00019000 08:09 7472072                    /home/mayamarmalade/.m2/repository/org/eclipse/jetty/jetty-servlet/9.4.4.v20170414/jetty-servlet-9.4.4.v20170414.jar
7f7efc015000-7f7efc017000 r--s 0000b000 08:09 7472070                    /home/mayamarmalade/.m2/repository/org/eclipse/jetty/jetty-xml/9.4.4.v20170414/jetty-xml-9.4.4.v20170414.jar
7f7efc017000-7f7efc3f5000 rw-p 00000000 00:00 0 
7f7efc3f5000-7f7efc3f6000 ---p 00000000 00:00 0 
7f7efc3f6000-7f7efc4f6000 rw-p 00000000 00:00 0                          [stack:4722]
7f7efc4f6000-7f7efc4f7000 ---p 00000000 00:00 0 
7f7efc4f7000-7f7efc5f7000 rw-p 00000000 00:00 0                          [stack:4721]
7f7efc5f7000-7f7efc5f8000 ---p 00000000 00:00 0 
7f7efc5f8000-7f7efc6f8000 rw-p 00000000 00:00 0                          [stack:4720]
7f7efc6f8000-7f7efc6f9000 ---p 00000000 00:00 0 
7f7efc6f9000-7f7efc7f9000 rw-p 00000000 00:00 0                          [stack:4719]
7f7efc7f9000-7f7efc7fa000 ---p 00000000 00:00 0 
7f7efc7fa000-7f7efc8fa000 rw-p 00000000 00:00 0                          [stack:4718]
7f7efc8fa000-7f7efc8fb000 ---p 00000000 00:00 0 
7f7efc8fb000-7f7efc9fb000 rw-p 00000000 00:00 0                          [stack:4717]
7f7efc9fb000-7f7efc9fc000 ---p 00000000 00:00 0 
7f7efc9fc000-7f7efcafc000 rw-p 00000000 00:00 0                          [stack:4716]
7f7efcafc000-7f7efcafd000 ---p 00000000 00:00 0 
7f7efcafd000-7f7efcc27000 rw-p 00000000 00:00 0                          [stack:4715]
7f7efcc27000-7f7efce91000 ---p 00000000 00:00 0 
7f7efce91000-7f7efcebb000 rw-p 00000000 00:00 0 
7f7efcebb000-7f7efd125000 ---p 00000000 00:00 0 
7f7efd125000-7f7efd13a000 rw-p 00000000 00:00 0 
7f7efd13a000-7f7efd26f000 ---p 00000000 00:00 0 
7f7efd26f000-7f7efd27b000 rw-p 00000000 00:00 0 
7f7efd27b000-7f7efd630000 ---p 00000000 00:00 0 
7f7efd630000-7f7efd64a000 r-xp 00000000 08:08 789671                     /usr/lib/jvm/java-8-oracle/jre/lib/amd64/libzip.so
7f7efd64a000-7f7efd84a000 ---p 0001a000 08:08 789671                     /usr/lib/jvm/java-8-oracle/jre/lib/amd64/libzip.so
7f7efd84a000-7f7efd84b000 rw-p 0001a000 08:08 789671                     /usr/lib/jvm/java-8-oracle/jre/lib/amd64/libzip.so
7f7efd84b000-7f7efd856000 r-xp 00000000 08:08 656581                     /lib/x86_64-linux-gnu/libnss_files-2.19.so
7f7efd856000-7f7efda55000 ---p 0000b000 08:08 656581                     /lib/x86_64-linux-gnu/libnss_files-2.19.so
7f7efda55000-7f7efda56000 r--p 0000a000 08:08 656581                     /lib/x86_64-linux-gnu/libnss_files-2.19.so
7f7efda56000-7f7efda57000 rw-p 0000b000 08:08 656581                     /lib/x86_64-linux-gnu/libnss_files-2.19.so
7f7efda57000-7f7efda62000 r-xp 00000000 08:08 656601                     /lib/x86_64-linux-gnu/libnss_nis-2.19.so
7f7efda62000-7f7efdc61000 ---p 0000b000 08:08 656601                     /lib/x86_64-linux-gnu/libnss_nis-2.19.so
7f7efdc61000-7f7efdc62000 r--p 0000a000 08:08 656601                     /lib/x86_64-linux-gnu/libnss_nis-2.19.so
7f7efdc62000-7f7efdc63000 rw-p 0000b000 08:08 656601                     /lib/x86_64-linux-gnu/libnss_nis-2.19.so
7f7efdc63000-7f7efdc7a000 r-xp 00000000 08:08 656590                     /lib/x86_64-linux-gnu/libnsl-2.19.so
7f7efdc7a000-7f7efde79000 ---p 00017000 08:08 656590                     /lib/x86_64-linux-gnu/libnsl-2.19.so
7f7efde79000-7f7efde7a000 r--p 00016000 08:08 656590                     /lib/x86_64-linux-gnu/libnsl-2.19.so
7f7efde7a000-7f7efde7b000 rw-p 00017000 08:08 656590                     /lib/x86_64-linux-gnu/libnsl-2.19.so
7f7efde7b000-7f7efde7d000 rw-p 00000000 00:00 0 
7f7efde7d000-7f7efde86000 r-xp 00000000 08:08 656589                     /lib/x86_64-linux-gnu/libnss_compat-2.19.so
7f7efde86000-7f7efe085000 ---p 00009000 08:08 656589                     /lib/x86_64-linux-gnu/libnss_compat-2.19.so
7f7efe085000-7f7efe086000 r--p 00008000 08:08 656589                     /lib/x86_64-linux-gnu/libnss_compat-2.19.so
7f7efe086000-7f7efe087000 rw-p 00009000 08:08 656589                     /lib/x86_64-linux-gnu/libnss_compat-2.19.so
7f7efe087000-7f7efe89a000 r--p 00000000 08:08 921900                     /usr/lib/locale/locale-archive
7f7efe89a000-7f7efe89c000 r-xp 00000000 08:08 789029                     /usr/lib/jvm/java-8-oracle/jre/lib/amd64/libnpt.so
7f7efe89c000-7f7efea9c000 ---p 00002000 08:08 789029                     /usr/lib/jvm/java-8-oracle/jre/lib/amd64/libnpt.so
7f7efea9c000-7f7efea9d000 rw-p 00002000 08:08 789029                     /usr/lib/jvm/java-8-oracle/jre/lib/amd64/libnpt.so
7f7efea9d000-7f7efead6000 r-xp 00000000 08:08 789698                     /usr/lib/jvm/java-8-oracle/jre/lib/amd64/libjdwp.so
7f7efead6000-7f7efecd5000 ---p 00039000 08:08 789698                     /usr/lib/jvm/java-8-oracle/jre/lib/amd64/libjdwp.so
7f7efecd5000-7f7efecd7000 rw-p 00038000 08:08 789698                     /usr/lib/jvm/java-8-oracle/jre/lib/amd64/libjdwp.so
7f7efecd7000-7f7efed01000 r-xp 00000000 08:08 788831                     /usr/lib/jvm/java-8-oracle/jre/lib/amd64/libjava.so
7f7efed01000-7f7efef01000 ---p 0002a000 08:08 788831                     /usr/lib/jvm/java-8-oracle/jre/lib/amd64/libjava.so
7f7efef01000-7f7efef03000 rw-p 0002a000 08:08 788831                     /usr/lib/jvm/java-8-oracle/jre/lib/amd64/libjava.so
7f7efef03000-7f7efef10000 r-xp 00000000 08:08 789659                     /usr/lib/jvm/java-8-oracle/jre/lib/amd64/libverify.so
7f7efef10000-7f7eff110000 ---p 0000d000 08:08 789659                     /usr/lib/jvm/java-8-oracle/jre/lib/amd64/libverify.so
7f7eff110000-7f7eff112000 rw-p 0000d000 08:08 789659                     /usr/lib/jvm/java-8-oracle/jre/lib/amd64/libverify.so
7f7eff112000-7f7eff119000 r-xp 00000000 08:08 656598                     /lib/x86_64-linux-gnu/librt-2.19.so
7f7eff119000-7f7eff318000 ---p 00007000 08:08 656598                     /lib/x86_64-linux-gnu/librt-2.19.so
7f7eff318000-7f7eff319000 r--p 00006000 08:08 656598                     /lib/x86_64-linux-gnu/librt-2.19.so
7f7eff319000-7f7eff31a000 rw-p 00007000 08:08 656598                     /lib/x86_64-linux-gnu/librt-2.19.so
7f7eff31a000-7f7eff41f000 r-xp 00000000 08:08 656580                     /lib/x86_64-linux-gnu/libm-2.19.so
7f7eff41f000-7f7eff61e000 ---p 00105000 08:08 656580                     /lib/x86_64-linux-gnu/libm-2.19.so
7f7eff61e000-7f7eff61f000 r--p 00104000 08:08 656580                     /lib/x86_64-linux-gnu/libm-2.19.so
7f7eff61f000-7f7eff620000 rw-p 00105000 08:08 656580                     /lib/x86_64-linux-gnu/libm-2.19.so
7f7eff620000-7f7f002df000 r-xp 00000000 08:08 789293                     /usr/lib/jvm/java-8-oracle/jre/lib/amd64/server/libjvm.so
7f7f002df000-7f7f004de000 ---p 00cbf000 08:08 789293                     /usr/lib/jvm/java-8-oracle/jre/lib/amd64/server/libjvm.so
7f7f004de000-7f7f005b7000 rw-p 00cbe000 08:08 789293                     /usr/lib/jvm/java-8-oracle/jre/lib/amd64/server/libjvm.so
7f7f005b7000-7f7f00600000 rw-p 00000000 00:00 0 
7f7f00600000-7f7f007bb000 r-xp 00000000 08:08 656595                     /lib/x86_64-linux-gnu/libc-2.19.so
7f7f007bb000-7f7f009ba000 ---p 001bb000 08:08 656595                     /lib/x86_64-linux-gnu/libc-2.19.so
7f7f009ba000-7f7f009be000 r--p 001ba000 08:08 656595                     /lib/x86_64-linux-gnu/libc-2.19.so
7f7f009be000-7f7f009c0000 rw-p 001be000 08:08 656595                     /lib/x86_64-linux-gnu/libc-2.19.so
7f7f009c0000-7f7f009c5000 rw-p 00000000 00:00 0 
7f7f009c5000-7f7f009c8000 r-xp 00000000 08:08 656584                     /lib/x86_64-linux-gnu/libdl-2.19.so
7f7f009c8000-7f7f00bc7000 ---p 00003000 08:08 656584                     /lib/x86_64-linux-gnu/libdl-2.19.so
7f7f00bc7000-7f7f00bc8000 r--p 00002000 08:08 656584                     /lib/x86_64-linux-gnu/libdl-2.19.so
7f7f00bc8000-7f7f00bc9000 rw-p 00003000 08:08 656584                     /lib/x86_64-linux-gnu/libdl-2.19.so
7f7f00bc9000-7f7f00bde000 r-xp 00000000 08:08 819620                     /usr/lib/jvm/java-8-oracle/lib/amd64/jli/libjli.so
7f7f00bde000-7f7f00dde000 ---p 00015000 08:08 819620                     /usr/lib/jvm/java-8-oracle/lib/amd64/jli/libjli.so
7f7f00dde000-7f7f00ddf000 rw-p 00015000 08:08 819620                     /usr/lib/jvm/java-8-oracle/lib/amd64/jli/libjli.so
7f7f00ddf000-7f7f00df8000 r-xp 00000000 08:08 656596                     /lib/x86_64-linux-gnu/libpthread-2.19.so
7f7f00df8000-7f7f00ff7000 ---p 00019000 08:08 656596                     /lib/x86_64-linux-gnu/libpthread-2.19.so
7f7f00ff7000-7f7f00ff8000 r--p 00018000 08:08 656596                     /lib/x86_64-linux-gnu/libpthread-2.19.so
7f7f00ff8000-7f7f00ff9000 rw-p 00019000 08:08 656596                     /lib/x86_64-linux-gnu/libpthread-2.19.so
7f7f00ff9000-7f7f00ffd000 rw-p 00000000 00:00 0 
7f7f00ffd000-7f7f01020000 r-xp 00000000 08:08 656592                     /lib/x86_64-linux-gnu/ld-2.19.so
7f7f01020000-7f7f01021000 r--s 00000000 08:09 7472415                    /home/mayamarmalade/.m2/repository/com/sparkjava/spark-template-freemarker/2.5.5/spark-template-freemarker-2.5.5.jar
7f7f01021000-7f7f01023000 r--s 0001c000 08:09 7472068                    /home/mayamarmalade/.m2/repository/org/eclipse/jetty/jetty-webapp/9.4.4.v20170414/jetty-webapp-9.4.4.v20170414.jar
7f7f01023000-7f7f01026000 r--s 0001d000 08:09 7472066                    /home/mayamarmalade/.m2/repository/org/eclipse/jetty/jetty-io/9.4.4.v20170414/jetty-io-9.4.4.v20170414.jar
7f7f01026000-7f7f0102e000 r--s 00068000 08:09 7472064                    /home/mayamarmalade/.m2/repository/org/eclipse/jetty/jetty-util/9.4.4.v20170414/jetty-util-9.4.4.v20170414.jar
7f7f0102e000-7f7f01031000 r--s 00025000 08:09 7472062                    /home/mayamarmalade/.m2/repository/org/eclipse/jetty/jetty-http/9.4.4.v20170414/jetty-http-9.4.4.v20170414.jar
7f7f01031000-7f7f010fc000 rw-p 00000000 00:00 0 
7f7f010fc000-7f7f010ff000 ---p 00000000 00:00 0 
7f7f010ff000-7f7f01201000 rw-p 00000000 00:00 0                          [stack:4714]
7f7f01201000-7f7f01202000 r--s 00007000 08:09 7472080                    /home/mayamarmalade/.m2/repository/org/eclipse/jetty/websocket/websocket-client/9.4.4.v20170414/websocket-client-9.4.4.v20170414.jar
7f7f01202000-7f7f01205000 r--s 00015000 08:09 7472060                    /home/mayamarmalade/.m2/repository/javax/servlet/javax.servlet-api/3.1.0/javax.servlet-api-3.1.0.jar
7f7f01205000-7f7f0120d000 r--s 00086000 08:09 7472058                    /home/mayamarmalade/.m2/repository/org/eclipse/jetty/jetty-server/9.4.4.v20170414/jetty-server-9.4.4.v20170414.jar
7f7f0120d000-7f7f0120f000 r--s 00007000 08:09 7341643                    /home/mayamarmalade/.m2/repository/org/slf4j/slf4j-api/1.7.13/slf4j-api-1.7.13.jar
7f7f0120f000-7f7f01213000 r--s 00021000 08:09 7215160                    /home/mayamarmalade/.m2/repository/com/sparkjava/spark-core/2.6.0/spark-core-2.6.0.jar
7f7f01213000-7f7f0121b000 rw-s 00000000 08:08 524323                     /tmp/hsperfdata_mayamarmalade/4704
7f7f0121b000-7f7f0121c000 rw-p 00000000 00:00 0 
7f7f0121c000-7f7f0121d000 r--p 00000000 00:00 0 
7f7f0121d000-7f7f0121f000 rw-p 00000000 00:00 0 
7f7f0121f000-7f7f01220000 r--p 00022000 08:08 656592                     /lib/x86_64-linux-gnu/ld-2.19.so
7f7f01220000-7f7f01221000 rw-p 00023000 08:08 656592                     /lib/x86_64-linux-gnu/ld-2.19.so
7f7f01221000-7f7f01222000 rw-p 00000000 00:00 0 
7ffeb387a000-7ffeb389c000 rw-p 00000000 00:00 0                          [stack]
7ffeb39e8000-7ffeb39ea000 r-xp 00000000 00:00 0                          [vdso]
ffffffffff600000-ffffffffff601000 r-xp 00000000 00:00 0                  [vsyscall]

VM Arguments:
jvm_args: -agentlib:jdwp=transport=dt_socket,suspend=y,address=localhost:37356 -Dfile.encoding=UTF-8 
java_command: com.github.tlavrova.randomgenerator.App
java_class_path (initial): /home/mayamarmalade/work/randomgenerator/target/classes:/home/mayamarmalade/.m2/repository/com/sparkjava/spark-core/2.6.0/spark-core-2.6.0.jar:/home/mayamarmalade/.m2/repository/org/slf4j/slf4j-api/1.7.13/slf4j-api-1.7.13.jar:/home/mayamarmalade/.m2/repository/org/eclipse/jetty/jetty-server/9.4.4.v20170414/jetty-server-9.4.4.v20170414.jar:/home/mayamarmalade/.m2/repository/javax/servlet/javax.servlet-api/3.1.0/javax.servlet-api-3.1.0.jar:/home/mayamarmalade/.m2/repository/org/eclipse/jetty/jetty-http/9.4.4.v20170414/jetty-http-9.4.4.v20170414.jar:/home/mayamarmalade/.m2/repository/org/eclipse/jetty/jetty-util/9.4.4.v20170414/jetty-util-9.4.4.v20170414.jar:/home/mayamarmalade/.m2/repository/org/eclipse/jetty/jetty-io/9.4.4.v20170414/jetty-io-9.4.4.v20170414.jar:/home/mayamarmalade/.m2/repository/org/eclipse/jetty/jetty-webapp/9.4.4.v20170414/jetty-webapp-9.4.4.v20170414.jar:/home/mayamarmalade/.m2/repository/org/eclipse/jetty/jetty-xml/9.4.4.v20170414/jetty-xml-9.4.4.v20170414.jar:/home/mayamarmalade/.m2/repository/org/eclipse/jetty/jetty-servlet/9.4.4.v20170414/jetty-servlet-9.4.4.v20170414.jar:/home/mayamarmalade/.m2/repository/org/eclipse/jetty/jetty-security/9.4.4.v20170414/jetty-security-9.4.4.v20170414.jar:/home/mayamarmalade/.m2/repository/org/eclipse/jetty/websocket/websocket-server/9.4.4.v20170414/websocket-server-9.4.4.v20170414.jar:/home/mayamarmalade/.m2/repository/org/eclipse/jetty/websocket/websocket-common/9.4.4.v20170414/websocket-common-9.4.4.v20170414.jar:/home/mayamarmalade/.m2/repository/org/eclipse/jetty/websocket/websocket-client/9.4.4.v20170414/websocket-client-9.4.4.v20170414.jar:/home/mayamarmalade/.m2/repository/org/eclipse/jetty/jetty-client/9.4.4.v20170414/jetty-client-9.4.4.v20170414.jar:/home/mayamarmalade/.m2/repository/org/eclipse/jetty/websocket/websocket-servlet/9.4.4.v20170414/websocket-servlet-9.4.4.v20170414.jar:/home/mayamarmalade/.m2/repository/org/eclipse/jetty/websocket/websocket-api/9.4.4.v2017041
Launcher Type: SUN_STANDARD

Environment Variables:
PATH=/usr/local/sbin:/usr/local/bin:/usr/sbin:/usr/bin:/sbin:/bin:/usr/games:/usr/local/games
SHELL=/bin/bash
DISPLAY=:0.0

Signal Handlers:
SIGSEGV: [libjvm.so+0xabb070], sa_mask[0]=11111111011111111101111111111110, sa_flags=SA_RESTART|SA_SIGINFO
SIGBUS: [libjvm.so+0xabb070], sa_mask[0]=11111111011111111101111111111110, sa_flags=SA_RESTART|SA_SIGINFO
SIGFPE: [libjvm.so+0x918480], sa_mask[0]=11111111011111111101111111111110, sa_flags=SA_RESTART|SA_SIGINFO
SIGPIPE: [libjvm.so+0x918480], sa_mask[0]=11111111011111111101111111111110, sa_flags=SA_RESTART|SA_SIGINFO
SIGXFSZ: [libjvm.so+0x918480], sa_mask[0]=11111111011111111101111111111110, sa_flags=SA_RESTART|SA_SIGINFO
SIGILL: [libjvm.so+0x918480], sa_mask[0]=11111111011111111101111111111110, sa_flags=SA_RESTART|SA_SIGINFO
SIGUSR1: SIG_DFL, sa_mask[0]=00000000000000000000000000000000, sa_flags=none
SIGUSR2: [libjvm.so+0x919ab0], sa_mask[0]=00100000000000000000000000000000, sa_flags=SA_RESTART|SA_SIGINFO
SIGHUP: [libjvm.so+0x91aeb0], sa_mask[0]=11111111011111111101111111111110, sa_flags=SA_RESTART|SA_SIGINFO
SIGINT: [libjvm.so+0x91aeb0], sa_mask[0]=11111111011111111101111111111110, sa_flags=SA_RESTART|SA_SIGINFO
SIGTERM: [libjvm.so+0x91aeb0], sa_mask[0]=11111111011111111101111111111110, sa_flags=SA_RESTART|SA_SIGINFO
SIGQUIT: [libjvm.so+0x91aeb0], sa_mask[0]=11111111011111111101111111111110, sa_flags=SA_RESTART|SA_SIGINFO


---------------  S Y S T E M  ---------------

OS:DISTRIB_ID=Ubuntu
DISTRIB_RELEASE=14.04
DISTRIB_CODENAME=trusty
DISTRIB_DESCRIPTION="Ubuntu 14.04.3 LTS"

uname:Linux 3.13.0-77-generic #121-Ubuntu SMP Wed Jan 20 10:50:42 UTC 2016 x86_64
libc:glibc 2.19 NPTL 2.19 
rlimit: STACK 8192k, CORE 0k, NPROC 62498, NOFILE 4096, AS infinity
load average:0,29 0,20 0,27

/proc/meminfo:
MemTotal:        8107184 kB
MemFree:         4420676 kB
Buffers:          107400 kB
Cached:          1309916 kB
SwapCached:            0 kB
Active:          2346480 kB
Inactive:        1090360 kB
Active(anon):    2021592 kB
Inactive(anon):   530436 kB
Active(file):     324888 kB
Inactive(file):   559924 kB
Unevictable:          76 kB
Mlocked:              76 kB
SwapTotal:      10000380 kB
SwapFree:       10000380 kB
Dirty:                16 kB
Writeback:             0 kB
AnonPages:       2019668 kB
Mapped:           449904 kB
Shmem:            532512 kB
Slab:              99172 kB
SReclaimable:      56884 kB
SUnreclaim:        42288 kB
KernelStack:        5560 kB
PageTables:        41496 kB
NFS_Unstable:          0 kB
Bounce:                0 kB
WritebackTmp:          0 kB
CommitLimit:    14053972 kB
Committed_AS:    6768360 kB
VmallocTotal:   34359738367 kB
VmallocUsed:      612708 kB
VmallocChunk:   34359115368 kB
HardwareCorrupted:     0 kB
AnonHugePages:   1077248 kB
HugePages_Total:       0
HugePages_Free:        0
HugePages_Rsvd:        0
HugePages_Surp:        0
Hugepagesize:       2048 kB
DirectMap4k:      109056 kB
DirectMap2M:     2967552 kB
DirectMap1G:     5242880 kB


CPU:total 8 (4 cores per cpu, 2 threads per core) family 6 model 60 stepping 3, cmov, cx8, fxsr, mmx, sse, sse2, sse3, ssse3, sse4.1, sse4.2, popcnt, avx, avx2, aes, clmul, erms, lzcnt, ht, tsc, tscinvbit, bmi1, bmi2

/proc/cpuinfo:
processor	: 0
vendor_id	: GenuineIntel
cpu family	: 6
model		: 60
model name	: Intel(R) Core(TM) i7-4702MQ CPU @ 2.20GHz
stepping	: 3
microcode	: 0x1c
cpu MHz		: 2201.000
cache size	: 6144 KB
physical id	: 0
siblings	: 8
core id		: 0
cpu cores	: 4
apicid		: 0
initial apicid	: 0
fpu		: yes
fpu_exception	: yes
cpuid level	: 13
wp		: yes
flags		: fpu vme de pse tsc msr pae mce cx8 apic sep mtrr pge mca cmov pat pse36 clflush dts acpi mmx fxsr sse sse2 ss ht tm pbe syscall nx pdpe1gb rdtscp lm constant_tsc arch_perfmon pebs bts rep_good nopl xtopology nonstop_tsc aperfmperf eagerfpu pni pclmulqdq dtes64 monitor ds_cpl vmx est tm2 ssse3 fma cx16 xtpr pdcm pcid sse4_1 sse4_2 movbe popcnt tsc_deadline_timer aes xsave avx f16c rdrand lahf_lm abm ida arat epb xsaveopt pln pts dtherm tpr_shadow vnmi flexpriority ept vpid fsgsbase tsc_adjust bmi1 avx2 smep bmi2 erms invpcid
bogomips	: 4389.70
clflush size	: 64
cache_alignment	: 64
address sizes	: 39 bits physical, 48 bits virtual
power management:

processor	: 1
vendor_id	: GenuineIntel
cpu family	: 6
model		: 60
model name	: Intel(R) Core(TM) i7-4702MQ CPU @ 2.20GHz
stepping	: 3
microcode	: 0x1c
cpu MHz		: 2201.000
cache size	: 6144 KB
physical id	: 0
siblings	: 8
core id		: 0
cpu cores	: 4
apicid		: 1
initial apicid	: 1
fpu		: yes
fpu_exception	: yes
cpuid level	: 13
wp		: yes
flags		: fpu vme de pse tsc msr pae mce cx8 apic sep mtrr pge mca cmov pat pse36 clflush dts acpi mmx fxsr sse sse2 ss ht tm pbe syscall nx pdpe1gb rdtscp lm constant_tsc arch_perfmon pebs bts rep_good nopl xtopology nonstop_tsc aperfmperf eagerfpu pni pclmulqdq dtes64 monitor ds_cpl vmx est tm2 ssse3 fma cx16 xtpr pdcm pcid sse4_1 sse4_2 movbe popcnt tsc_deadline_timer aes xsave avx f16c rdrand lahf_lm abm ida arat epb xsaveopt pln pts dtherm tpr_shadow vnmi flexpriority ept vpid fsgsbase tsc_adjust bmi1 avx2 smep bmi2 erms invpcid
bogomips	: 4389.70
clflush size	: 64
cache_alignment	: 64
address sizes	: 39 bits physical, 48 bits virtual
power management:

processor	: 2
vendor_id	: GenuineIntel
cpu family	: 6
model		: 60
model name	: Intel(R) Core(TM) i7-4702MQ CPU @ 2.20GHz
stepping	: 3
microcode	: 0x1c
cpu MHz		: 2100.000
cache size	: 6144 KB
physical id	: 0
siblings	: 8
core id		: 1
cpu cores	: 4
apicid		: 2
initial apicid	: 2
fpu		: yes
fpu_exception	: yes
cpuid level	: 13
wp		: yes
flags		: fpu vme de pse tsc msr pae mce cx8 apic sep mtrr pge mca cmov pat pse36 clflush dts acpi mmx fxsr sse sse2 ss ht tm pbe syscall nx pdpe1gb rdtscp lm constant_tsc arch_perfmon pebs bts rep_good nopl xtopology nonstop_tsc aperfmperf eagerfpu pni pclmulqdq dtes64 monitor ds_cpl vmx est tm2 ssse3 fma cx16 xtpr pdcm pcid sse4_1 sse4_2 movbe popcnt tsc_deadline_timer aes xsave avx f16c rdrand lahf_lm abm ida arat epb xsaveopt pln pts dtherm tpr_shadow vnmi flexpriority ept vpid fsgsbase tsc_adjust bmi1 avx2 smep bmi2 erms invpcid
bogomips	: 4389.70
clflush size	: 64
cache_alignment	: 64
address sizes	: 39 bits physical, 48 bits virtual
power management:

processor	: 3
vendor_id	: GenuineIntel
cpu family	: 6
model		: 60
model name	: Intel(R) Core(TM) i7-4702MQ CPU @ 2.20GHz
stepping	: 3
microcode	: 0x1c
cpu MHz		: 2100.000
cache size	: 6144 KB
physical id	: 0
siblings	: 8
core id		: 1
cpu cores	: 4
apicid		: 3
initial apicid	: 3
fpu		: yes
fpu_exception	: yes
cpuid level	: 13
wp		: yes
flags		: fpu vme de pse tsc msr pae mce cx8 apic sep mtrr pge mca cmov pat pse36 clflush dts acpi mmx fxsr sse sse2 ss ht tm pbe syscall nx pdpe1gb rdtscp lm constant_tsc arch_perfmon pebs bts rep_good nopl xtopology nonstop_tsc aperfmperf eagerfpu pni pclmulqdq dtes64 monitor ds_cpl vmx est tm2 ssse3 fma cx16 xtpr pdcm pcid sse4_1 sse4_2 movbe popcnt tsc_deadline_timer aes xsave avx f16c rdrand lahf_lm abm ida arat epb xsaveopt pln pts dtherm tpr_shadow vnmi flexpriority ept vpid fsgsbase tsc_adjust bmi1 avx2 smep bmi2 erms invpcid
bogomips	: 4389.70
clflush size	: 64
cache_alignment	: 64
address sizes	: 39 bits physical, 48 bits virtual
power management:

processor	: 4
vendor_id	: GenuineIntel
cpu family	: 6
model		: 60
model name	: Intel(R) Core(TM) i7-4702MQ CPU @ 2.20GHz
stepping	: 3
microcode	: 0x1c
cpu MHz		: 900.000
cache size	: 6144 KB
physical id	: 0
siblings	: 8
core id		: 2
cpu cores	: 4
apicid		: 4
initial apicid	: 4
fpu		: yes
fpu_exception	: yes
cpuid level	: 13
wp		: yes
flags		: fpu vme de pse tsc msr pae mce cx8 apic sep mtrr pge mca cmov pat pse36 clflush dts acpi mmx fxsr sse sse2 ss ht tm pbe syscall nx pdpe1gb rdtscp lm constant_tsc arch_perfmon pebs bts rep_good nopl xtopology nonstop_tsc aperfmperf eagerfpu pni pclmulqdq dtes64 monitor ds_cpl vmx est tm2 ssse3 fma cx16 xtpr pdcm pcid sse4_1 sse4_2 movbe popcnt tsc_deadline_timer aes xsave avx f16c rdrand lahf_lm abm ida arat epb xsaveopt pln pts dtherm tpr_shadow vnmi flexpriority ept vpid fsgsbase tsc_adjust bmi1 avx2 smep bmi2 erms invpcid
bogomips	: 4389.70
clflush size	: 64
cache_alignment	: 64
address sizes	: 39 bits physical, 48 bits virtual
power management:

processor	: 5
vendor_id	: GenuineIntel
cpu family	: 6
model		: 60
model name	: Intel(R) Core(TM) i7-4702MQ CPU @ 2.20GHz
stepping	: 3
microcode	: 0x1c
cpu MHz		: 2000.000
cache size	: 6144 KB
physical id	: 0
siblings	: 8
core id		: 2
cpu cores	: 4
apicid		: 5
initial apicid	: 5
fpu		: yes
fpu_exception	: yes
cpuid level	: 13
wp		: yes
flags		: fpu vme de pse tsc msr pae mce cx8 apic sep mtrr pge mca cmov pat pse36 clflush dts acpi mmx fxsr sse sse2 ss ht tm pbe syscall nx pdpe1gb rdtscp lm constant_tsc arch_perfmon pebs bts rep_good nopl xtopology nonstop_tsc aperfmperf eagerfpu pni pclmulqdq dtes64 monitor ds_cpl vmx est tm2 ssse3 fma cx16 xtpr pdcm pcid sse4_1 sse4_2 movbe popcnt tsc_deadline_timer aes xsave avx f16c rdrand lahf_lm abm ida arat epb xsaveopt pln pts dtherm tpr_shadow vnmi flexpriority ept vpid fsgsbase tsc_adjust bmi1 avx2 smep bmi2 erms invpcid
bogomips	: 4389.70
clflush size	: 64
cache_alignment	: 64
address sizes	: 39 bits physical, 48 bits virtual
power management:

processor	: 6
vendor_id	: GenuineIntel
cpu family	: 6
model		: 60
model name	: Intel(R) Core(TM) i7-4702MQ CPU @ 2.20GHz
stepping	: 3
microcode	: 0x1c
cpu MHz		: 1700.000
cache size	: 6144 KB
physical id	: 0
siblings	: 8
core id		: 3
cpu cores	: 4
apicid		: 6
initial apicid	: 6
fpu		: yes
fpu_exception	: yes
cpuid level	: 13
wp		: yes
flags		: fpu vme de pse tsc msr pae mce cx8 apic sep mtrr pge mca cmov pat pse36 clflush dts acpi mmx fxsr sse sse2 ss ht tm pbe syscall nx pdpe1gb rdtscp lm constant_tsc arch_perfmon pebs bts rep_good nopl xtopology nonstop_tsc aperfmperf eagerfpu pni pclmulqdq dtes64 monitor ds_cpl vmx est tm2 ssse3 fma cx16 xtpr pdcm pcid sse4_1 sse4_2 movbe popcnt tsc_deadline_timer aes xsave avx f16c rdrand lahf_lm abm ida arat epb xsaveopt pln pts dtherm tpr_shadow vnmi flexpriority ept vpid fsgsbase tsc_adjust bmi1 avx2 smep bmi2 erms invpcid
bogomips	: 4389.70
clflush size	: 64
cache_alignment	: 64
address sizes	: 39 bits physical, 48 bits virtual
power management:

processor	: 7
vendor_id	: GenuineIntel
cpu family	: 6
model		: 60
model name	: Intel(R) Core(TM) i7-4702MQ CPU @ 2.20GHz
stepping	: 3
microcode	: 0x1c
cpu MHz		: 1000.000
cache size	: 6144 KB
physical id	: 0
siblings	: 8
core id		: 3
cpu cores	: 4
apicid		: 7
initial apicid	: 7
fpu		: yes
fpu_exception	: yes
cpuid level	: 13
wp		: yes
flags		: fpu vme de pse tsc msr pae mce cx8 apic sep mtrr pge mca cmov pat pse36 clflush dts acpi mmx fxsr sse sse2 ss ht tm pbe syscall nx pdpe1gb rdtscp lm constant_tsc arch_perfmon pebs bts rep_good nopl xtopology nonstop_tsc aperfmperf eagerfpu pni pclmulqdq dtes64 monitor ds_cpl vmx est tm2 ssse3 fma cx16 xtpr pdcm pcid sse4_1 sse4_2 movbe popcnt tsc_deadline_timer aes xsave avx f16c rdrand lahf_lm abm ida arat epb xsaveopt pln pts dtherm tpr_shadow vnmi flexpriority ept vpid fsgsbase tsc_adjust bmi1 avx2 smep bmi2 erms invpcid
bogomips	: 4389.70
clflush size	: 64
cache_alignment	: 64
address sizes	: 39 bits physical, 48 bits virtual
power management:



Memory: 4k page, physical 8107184k(4420676k free), swap 10000380k(10000380k free)

vm_info: Java HotSpot(TM) 64-Bit Server VM (25.72-b15) for linux-amd64 JRE (1.8.0_72-b15), built on Dec 22 2015 22:00:07 by "java_re" with gcc 4.3.0 20080428 (Red Hat 4.3.0-8)

time: Mon Aug  7 21:28:49 2017
elapsed time: 156 seconds (0d 0h 2m 36s)

