#
# A fatal error has been detected by the Java Runtime Environment:
#
#  SIGSEGV (0xb) at pc=0x00007f5b1d40c550, pid=3394, tid=140028342662912
#
# JRE version: Java(TM) SE Runtime Environment (8.0_72-b15) (build 1.8.0_72-b15)
# Java VM: Java HotSpot(TM) 64-Bit Server VM (25.72-b15 mixed mode linux-amd64 compressed oops)
# Problematic frame:
# V  [libjvm.so+0x8a6550]  Method::checked_resolve_jmethod_id(_jmethodID*)+0x20
#
# Failed to write core dump. Core dumps have been disabled. To enable core dumping, try "ulimit -c unlimited" before starting Java again
#
# If you would like to submit a bug report, please visit:
#   http://bugreport.java.com/bugreport/crash.jsp
#

---------------  T H R E A D  ---------------

Current thread (0x00007f5b180cf800):  JavaThread "JDWP Transport Listener: dt_socket" daemon [_thread_in_vm, id=3418, stack(0x00007f5ae38f7000,0x00007f5ae39f8000)]

siginfo: si_signo: 11 (SIGSEGV), si_code: 1 (SEGV_MAPERR), si_addr: 0x00000000000003a2

Registers:
RAX=0x0000000000000001, RBX=0x00007f5b180046e0, RCX=0x00007f5b1e53e320, RDX=0x00007f5b1db1b640
RSP=0x00007f5ae39f6710, RBP=0x00007f5ae39f6720, RSI=0x00007f5b180cf800, RDI=0x00000000000003a2
R8 =0x0000000000000000, R9 =0x00007f5acc003b10, R10=0x0000000000000010, R11=0x00007f5b1dccda30
R12=0x0000000000000017, R13=0x00000000000003a2, R14=0x00007f5b180cf800, R15=0x00007f5ae39f6827
RIP=0x00007f5b1d40c550, EFLAGS=0x0000000000010202, CSGSFS=0x0000000000000033, ERR=0x0000000000000004
  TRAPNO=0x000000000000000e

Top of Stack: (sp=0x00007f5ae39f6710)
0x00007f5ae39f6710:   0000000000000074 00007f5b180046e0
0x00007f5ae39f6720:   00007f5ae39f6790 00007f5b1d29ccae
0x00007f5ae39f6730:   0000000000000073 00007f5ae39f6740
0x00007f5ae39f6740:   00007f5b180cf800 0000000000000000
0x00007f5ae39f6750:   00007f5a00000000 0000000000000000
0x00007f5ae39f6760:   00007f5ae39f6780 00007f5b17fffe40
0x00007f5ae39f6770:   00000000000003a2 00007f5ae39f6827
0x00007f5ae39f6780:   0000000000000001 00007f5ae39f6827
0x00007f5ae39f6790:   00007f5ae39f67c0 00007f5b17deb8c2
0x00007f5ae39f67a0:   00007f5ae39f67c0 00000000000003a2
0x00007f5ae39f67b0:   00007f5ae39f6890 0000000000000008
0x00007f5ae39f67c0:   00007f5ae39f6850 00007f5b17dccaa0
0x00007f5ae39f67d0:   00007f5ae39f6808 00007f5ae39f6800
0x00007f5ae39f67e0:   00007f5ae39f67f8 00007f5ae39f681c
0x00007f5ae39f67f0:   00000001cc002dd0 0000000000000000
0x00007f5ae39f6800:   0000000000000000 0000000000000000
0x00007f5ae39f6810:   00007f5acc003d80 00000009e39f6890
0x00007f5ae39f6820:   0000000000000003 0000000000000002
0x00007f5ae39f6830:   000000000000000f 0000000000000002
0x00007f5ae39f6840:   00000000000f0200 000000000000000f
0x00007f5ae39f6850:   00007f5ae39f6aa0 00007f5b17dd79c6
0x00007f5ae39f6860:   0000761c00000013 00007f5b1d0f0200
0x00007f5ae39f6870:   00007f5ac4000fb0 00007f5b17fffe40
0x00007f5ae39f6880:   00007f5ae39f6890 00007f5ae39f6a20
0x00007f5ae39f6890:   00007f5ae39f6916 00007f5b000000f6
0x00007f5ae39f68a0:   00007f5ae39f68a8 0000000000000036
0x00007f5ae39f68b0:   00007f5ae39f68e0 0000000000000000
0x00007f5ae39f68c0:   00007f0000000000 0000761c00000030
0x00007f5ae39f68d0:   00007f5a00006a80 00007f5ae39f68e0
0x00007f5ae39f68e0:   5a7f000003000000 04000000083f00cc
0x00007f5ae39f68f0:   160000006e69616d 2f6176616a4c5b28
0x00007f5ae39f6900:   7274532f676e616c 000056293b676e69 

Instructions: (pc=0x00007f5b1d40c550)
0x00007f5b1d40c530:   55 48 89 e5 53 48 83 ec 08 48 85 ff 75 12 31 db
0x00007f5b1d40c540:   48 89 d8 48 83 c4 08 5b c9 c3 66 0f 1f 44 00 00
0x00007f5b1d40c550:   48 8b 1f 48 85 db 74 e6 48 83 fb 37 74 e0 48 8b
0x00007f5b1d40c560:   03 48 89 df ff 50 10 84 c0 0f 1f 80 00 00 00 00 

Register to memory mapping:

RAX=0x0000000000000001 is an unknown value
RBX=0x00007f5b180046e0 is an unknown value
RCX=0x00007f5b1e53e320: <offset 0x219320> in /lib/x86_64-linux-gnu/libpthread.so.0 at 0x00007f5b1e325000
RDX=0x00007f5b1db1b640: <offset 0xfb5640> in /usr/lib/jvm/java-8-oracle/jre/lib/amd64/server/libjvm.so at 0x00007f5b1cb66000
RSP=0x00007f5ae39f6710 is pointing into the stack for thread: 0x00007f5b180cf800
RBP=0x00007f5ae39f6720 is pointing into the stack for thread: 0x00007f5b180cf800
RSI=0x00007f5b180cf800 is a thread
RDI=0x00000000000003a2 is an unknown value
R8 =0x0000000000000000 is an unknown value
R9 =0x00007f5acc003b10 is an unknown value
R10=0x0000000000000010 is an unknown value
R11=0x00007f5b1dccda30: <offset 0x187a30> in /lib/x86_64-linux-gnu/libc.so.6 at 0x00007f5b1db46000
R12=0x0000000000000017 is an unknown value
R13=0x00000000000003a2 is an unknown value
R14=0x00007f5b180cf800 is a thread
R15=0x00007f5ae39f6827 is pointing into the stack for thread: 0x00007f5b180cf800


Stack: [0x00007f5ae38f7000,0x00007f5ae39f8000],  sp=0x00007f5ae39f6710,  free space=1021k
Native frames: (J=compiled Java code, j=interpreted, Vv=VM code, C=native code)
V  [libjvm.so+0x8a6550]  Method::checked_resolve_jmethod_id(_jmethodID*)+0x20
V  [libjvm.so+0x736cae]  jvmti_IsMethodSynthetic+0x2be
C  [libjdwp.so+0x258c2]  isMethodSynthetic+0x42
C  [libjdwp.so+0x6aa0]  methods1+0x1b0
C  [libjdwp.so+0x119c6]  debugLoop_run+0x2b6
C  [libjdwp.so+0x247ff]  attachThread+0x2f
V  [libjvm.so+0x7a3432]  JvmtiAgentThread::call_start_function()+0xc2
V  [libjvm.so+0xa69dcf]  JavaThread::thread_main_inner()+0xdf
V  [libjvm.so+0xa69efc]  JavaThread::run()+0x11c
V  [libjvm.so+0x91d9d8]  java_start(Thread*)+0x108
C  [libpthread.so.0+0x8182]  start_thread+0xc2


---------------  P R O C E S S  ---------------

Java Threads: ( => current thread )
  0x00007f5b180e7800 JavaThread "Service Thread" daemon [_thread_blocked, id=3427, stack(0x00007f5ae31f0000,0x00007f5ae32f1000)]
  0x00007f5b180dc800 JavaThread "C1 CompilerThread3" daemon [_thread_blocked, id=3426, stack(0x00007f5ae32f1000,0x00007f5ae33f2000)]
  0x00007f5b180da000 JavaThread "C2 CompilerThread2" daemon [_thread_blocked, id=3425, stack(0x00007f5ae33f2000,0x00007f5ae34f3000)]
  0x00007f5b180d8800 JavaThread "C2 CompilerThread1" daemon [_thread_blocked, id=3424, stack(0x00007f5ae34f3000,0x00007f5ae35f4000)]
  0x00007f5b180d5800 JavaThread "C2 CompilerThread0" daemon [_thread_blocked, id=3423, stack(0x00007f5ae35f4000,0x00007f5ae36f5000)]
  0x00007f5acc001000 JavaThread "JDWP Command Reader" daemon [_thread_in_native, id=3420, stack(0x00007f5ae36f5000,0x00007f5ae37f6000)]
  0x00007f5b180d3000 JavaThread "JDWP Event Helper Thread" daemon [_thread_blocked, id=3419, stack(0x00007f5ae37f6000,0x00007f5ae38f7000)]
=>0x00007f5b180cf800 JavaThread "JDWP Transport Listener: dt_socket" daemon [_thread_in_vm, id=3418, stack(0x00007f5ae38f7000,0x00007f5ae39f8000)]
  0x00007f5b180c2800 JavaThread "Signal Dispatcher" daemon [_thread_blocked, id=3414, stack(0x00007f5ae3bfc000,0x00007f5ae3cfd000)]
  0x00007f5b18090800 JavaThread "Finalizer" daemon [_thread_blocked, id=3412, stack(0x00007f5ae3cfd000,0x00007f5ae3dfe000)]
  0x00007f5b1808c000 JavaThread "Reference Handler" daemon [_thread_blocked, id=3411, stack(0x00007f5ae3dfe000,0x00007f5ae3eff000)]
  0x00007f5b1800e000 JavaThread "main" [_thread_blocked, id=3400, stack(0x00007f5b1e642000,0x00007f5b1e743000)]

Other Threads:
  0x00007f5b18084000 VMThread [stack: 0x00007f5ae3eff000,0x00007f5ae4000000] [id=3410]
  0x00007f5b180ea800 WatcherThread [stack: 0x00007f5ae30ef000,0x00007f5ae31f0000] [id=3428]

VM state:not at safepoint (normal execution)

VM Mutex/Monitor currently owned by a thread: None

Heap:
 PSYoungGen      total 36864K, used 2541K [0x00000000d6c00000, 0x00000000d9500000, 0x0000000100000000)
  eden space 31744K, 8% used [0x00000000d6c00000,0x00000000d6e7b728,0x00000000d8b00000)
  from space 5120K, 0% used [0x00000000d9000000,0x00000000d9000000,0x00000000d9500000)
  to   space 5120K, 0% used [0x00000000d8b00000,0x00000000d8b00000,0x00000000d9000000)
 ParOldGen       total 84992K, used 0K [0x0000000084400000, 0x0000000089700000, 0x00000000d6c00000)
  object space 84992K, 0% used [0x0000000084400000,0x0000000084400000,0x0000000089700000)
 Metaspace       used 2769K, capacity 4564K, committed 4864K, reserved 1056768K
  class space    used 294K, capacity 388K, committed 512K, reserved 1048576K

Card table byte_map: [0x00007f5b073bd000,0x00007f5b0779c000] byte_map_base: 0x00007f5b06f9b000

Marking Bits: (ParMarkBitMap*) 0x00007f5b1db1b100
 Begin Bits: [0x00007f5ae8220000, 0x00007f5aea110000)
 End Bits:   [0x00007f5aea110000, 0x00007f5aec000000)

Polling page: 0x00007f5b1e762000

CodeCache: size=245760Kb used=1140Kb max_used=1140Kb free=244619Kb
 bounds [0x00007f5b07b5c000, 0x00007f5b07dcc000, 0x00007f5b16b5c000]
 total_blobs=257 nmethods=34 adapters=146
 compilation: enabled

Compilation events (10 events):
Event: 0,136 Thread 0x00007f5b180dc800   29       1       java.net.URL::getProtocol (5 bytes)
Event: 0,136 Thread 0x00007f5b180dc800 nmethod 29 0x00007f5b07c786d0 code [0x00007f5b07c78820, 0x00007f5b07c78930]
Event: 0,136 Thread 0x00007f5b180dc800   27       1       java.lang.StringCoding$StringEncoder::requestedCharsetName (5 bytes)
Event: 0,136 Thread 0x00007f5b180dc800 nmethod 27 0x00007f5b07c78990 code [0x00007f5b07c78ae0, 0x00007f5b07c78bf0]
Event: 0,136 Thread 0x00007f5b180dc800   30       1       java.net.URL::getPath (5 bytes)
Event: 0,136 Thread 0x00007f5b180dc800 nmethod 30 0x00007f5b07c78c50 code [0x00007f5b07c78da0, 0x00007f5b07c78eb0]
Event: 0,136 Thread 0x00007f5b180dc800   26       1       java.io.File::getPath (5 bytes)
Event: 0,136 Thread 0x00007f5b180dc800 nmethod 26 0x00007f5b07c78f10 code [0x00007f5b07c79060, 0x00007f5b07c79170]
Event: 0,136 Thread 0x00007f5b180dc800   34       1       java.net.URL::getAuthority (5 bytes)
Event: 0,137 Thread 0x00007f5b180dc800 nmethod 34 0x00007f5b07c791d0 code [0x00007f5b07c79320, 0x00007f5b07c79430]

GC Heap History (0 events):
No events

Deoptimization events (0 events):
No events

Internal exceptions (2 events):
Event: 0,021 Thread 0x00007f5b1800e000 Exception <a 'java/lang/NoSuchMethodError': Method sun.misc.Unsafe.defineClass(Ljava/lang/String;[BII)Ljava/lang/Class; name or signature does not match> (0x00000000d6c07cc0) thrown at [/HUDSON/workspace/8-2-build-linux-amd64/jdk8u72/5732/hotspot/src/shar
Event: 0,021 Thread 0x00007f5b1800e000 Exception <a 'java/lang/NoSuchMethodError': Method sun.misc.Unsafe.prefetchRead(Ljava/lang/Object;J)V name or signature does not match> (0x00000000d6c07fa8) thrown at [/HUDSON/workspace/8-2-build-linux-amd64/jdk8u72/5732/hotspot/src/share/vm/prims/jni.cpp

Events (10 events):
Event: 971,973 Executing VM operation: ChangeBreakpoints
Event: 971,974 Executing VM operation: ChangeBreakpoints done
Event: 971,974 Executing VM operation: ChangeBreakpoints
Event: 971,974 Executing VM operation: ChangeBreakpoints done
Event: 971,974 Executing VM operation: ChangeBreakpoints
Event: 971,974 Executing VM operation: ChangeBreakpoints done
Event: 971,974 Executing VM operation: ChangeBreakpoints
Event: 971,974 Executing VM operation: ChangeBreakpoints done
Event: 971,995 Executing VM operation: RedefineClasses
Event: 971,996 Executing VM operation: RedefineClasses done


Dynamic libraries:
00400000-00401000 r-xp 00000000 08:08 819746                             /usr/lib/jvm/java-8-oracle/bin/java
00600000-00601000 rw-p 00000000 08:08 819746                             /usr/lib/jvm/java-8-oracle/bin/java
019e6000-01a07000 rw-p 00000000 00:00 0                                  [heap]
84400000-89700000 rw-p 00000000 00:00 0 
89700000-d6c00000 ---p 00000000 00:00 0 
d6c00000-d9500000 rw-p 00000000 00:00 0 
d9500000-100000000 ---p 00000000 00:00 0 
100000000-100080000 rw-p 00000000 00:00 0 
100080000-140000000 ---p 00000000 00:00 0 
7f5aa8000000-7f5aa8021000 rw-p 00000000 00:00 0 
7f5aa8021000-7f5aac000000 ---p 00000000 00:00 0 
7f5aac000000-7f5aac021000 rw-p 00000000 00:00 0 
7f5aac021000-7f5ab0000000 ---p 00000000 00:00 0 
7f5ab0000000-7f5ab0021000 rw-p 00000000 00:00 0 
7f5ab0021000-7f5ab4000000 ---p 00000000 00:00 0 
7f5ab4000000-7f5ab4189000 rw-p 00000000 00:00 0 
7f5ab4189000-7f5ab8000000 ---p 00000000 00:00 0 
7f5ab8000000-7f5ab804e000 rw-p 00000000 00:00 0 
7f5ab804e000-7f5abc000000 ---p 00000000 00:00 0 
7f5abc000000-7f5abc021000 rw-p 00000000 00:00 0 
7f5abc021000-7f5ac0000000 ---p 00000000 00:00 0 
7f5ac0000000-7f5ac0021000 rw-p 00000000 00:00 0 
7f5ac0021000-7f5ac4000000 ---p 00000000 00:00 0 
7f5ac4000000-7f5ac4021000 rw-p 00000000 00:00 0 
7f5ac4021000-7f5ac8000000 ---p 00000000 00:00 0 
7f5ac8000000-7f5ac8021000 rw-p 00000000 00:00 0 
7f5ac8021000-7f5acc000000 ---p 00000000 00:00 0 
7f5acc000000-7f5acc021000 rw-p 00000000 00:00 0 
7f5acc021000-7f5ad0000000 ---p 00000000 00:00 0 
7f5ad0000000-7f5ad0021000 rw-p 00000000 00:00 0 
7f5ad0021000-7f5ad4000000 ---p 00000000 00:00 0 
7f5ad4000000-7f5ad4021000 rw-p 00000000 00:00 0 
7f5ad4021000-7f5ad8000000 ---p 00000000 00:00 0 
7f5ad8000000-7f5ad8021000 rw-p 00000000 00:00 0 
7f5ad8021000-7f5adc000000 ---p 00000000 00:00 0 
7f5adc000000-7f5adc021000 rw-p 00000000 00:00 0 
7f5adc021000-7f5ae0000000 ---p 00000000 00:00 0 
7f5ae2e6a000-7f5ae30ef000 rw-p 00000000 00:00 0 
7f5ae30ef000-7f5ae30f0000 ---p 00000000 00:00 0 
7f5ae30f0000-7f5ae31f0000 rw-p 00000000 00:00 0                          [stack:3428]
7f5ae31f0000-7f5ae31f3000 ---p 00000000 00:00 0 
7f5ae31f3000-7f5ae32f1000 rw-p 00000000 00:00 0                          [stack:3427]
7f5ae32f1000-7f5ae32f4000 ---p 00000000 00:00 0 
7f5ae32f4000-7f5ae33f2000 rw-p 00000000 00:00 0                          [stack:3426]
7f5ae33f2000-7f5ae33f5000 ---p 00000000 00:00 0 
7f5ae33f5000-7f5ae34f3000 rw-p 00000000 00:00 0                          [stack:3425]
7f5ae34f3000-7f5ae34f6000 ---p 00000000 00:00 0 
7f5ae34f6000-7f5ae35f4000 rw-p 00000000 00:00 0                          [stack:3424]
7f5ae35f4000-7f5ae35f7000 ---p 00000000 00:00 0 
7f5ae35f7000-7f5ae36f5000 rw-p 00000000 00:00 0                          [stack:3423]
7f5ae36f5000-7f5ae36f8000 ---p 00000000 00:00 0 
7f5ae36f8000-7f5ae37f6000 rw-p 00000000 00:00 0                          [stack:3420]
7f5ae37f6000-7f5ae37f9000 ---p 00000000 00:00 0 
7f5ae37f9000-7f5ae38f7000 rw-p 00000000 00:00 0                          [stack:3419]
7f5ae38f7000-7f5ae38fa000 ---p 00000000 00:00 0 
7f5ae38fa000-7f5ae39f8000 rw-p 00000000 00:00 0                          [stack:3418]
7f5ae39f8000-7f5ae39fc000 r-xp 00000000 08:08 789694                     /usr/lib/jvm/java-8-oracle/jre/lib/amd64/libdt_socket.so
7f5ae39fc000-7f5ae3bfb000 ---p 00004000 08:08 789694                     /usr/lib/jvm/java-8-oracle/jre/lib/amd64/libdt_socket.so
7f5ae3bfb000-7f5ae3bfc000 rw-p 00003000 08:08 789694                     /usr/lib/jvm/java-8-oracle/jre/lib/amd64/libdt_socket.so
7f5ae3bfc000-7f5ae3bff000 ---p 00000000 00:00 0 
7f5ae3bff000-7f5ae3cfd000 rw-p 00000000 00:00 0                          [stack:3414]
7f5ae3cfd000-7f5ae3d00000 ---p 00000000 00:00 0 
7f5ae3d00000-7f5ae3dfe000 rw-p 00000000 00:00 0                          [stack:3412]
7f5ae3dfe000-7f5ae3e01000 ---p 00000000 00:00 0 
7f5ae3e01000-7f5ae3eff000 rw-p 00000000 00:00 0                          [stack:3411]
7f5ae3eff000-7f5ae3f00000 ---p 00000000 00:00 0 
7f5ae3f00000-7f5ae4000000 rw-p 00000000 00:00 0                          [stack:3410]
7f5ae4000000-7f5ae4021000 rw-p 00000000 00:00 0 
7f5ae4021000-7f5ae8000000 ---p 00000000 00:00 0 
7f5ae801e000-7f5aec000000 rw-p 00000000 00:00 0 
7f5aec000000-7f5aec021000 rw-p 00000000 00:00 0 
7f5aec021000-7f5af0000000 ---p 00000000 00:00 0 
7f5af0000000-7f5af0021000 rw-p 00000000 00:00 0 
7f5af0021000-7f5af4000000 ---p 00000000 00:00 0 
7f5af4000000-7f5af4021000 rw-p 00000000 00:00 0 
7f5af4021000-7f5af8000000 ---p 00000000 00:00 0 
7f5af8000000-7f5af8021000 rw-p 00000000 00:00 0 
7f5af8021000-7f5afc000000 ---p 00000000 00:00 0 
7f5afc000000-7f5afc021000 rw-p 00000000 00:00 0 
7f5afc021000-7f5b00000000 ---p 00000000 00:00 0 
7f5b00000000-7f5b00021000 rw-p 00000000 00:00 0 
7f5b00021000-7f5b04000000 ---p 00000000 00:00 0 
7f5b04083000-7f5b05af5000 rw-p 00000000 00:00 0 
7f5b05af5000-7f5b05ccd000 r--s 03d1d000 08:08 788822                     /usr/lib/jvm/java-8-oracle/jre/lib/rt.jar
7f5b05ccd000-7f5b06183000 rw-p 00000000 00:00 0 
7f5b06183000-7f5b06543000 ---p 00000000 00:00 0 
7f5b06543000-7f5b06921000 rw-p 00000000 00:00 0 
7f5b06921000-7f5b06922000 ---p 00000000 00:00 0 
7f5b06922000-7f5b06a22000 rw-p 00000000 00:00 0                          [stack:3409]
7f5b06a22000-7f5b06a23000 ---p 00000000 00:00 0 
7f5b06a23000-7f5b06b23000 rw-p 00000000 00:00 0                          [stack:3408]
7f5b06b23000-7f5b06b24000 ---p 00000000 00:00 0 
7f5b06b24000-7f5b06c24000 rw-p 00000000 00:00 0                          [stack:3407]
7f5b06c24000-7f5b06c25000 ---p 00000000 00:00 0 
7f5b06c25000-7f5b06d25000 rw-p 00000000 00:00 0                          [stack:3406]
7f5b06d25000-7f5b06d26000 ---p 00000000 00:00 0 
7f5b06d26000-7f5b06e26000 rw-p 00000000 00:00 0                          [stack:3405]
7f5b06e26000-7f5b06e27000 ---p 00000000 00:00 0 
7f5b06e27000-7f5b06f27000 rw-p 00000000 00:00 0                          [stack:3404]
7f5b06f27000-7f5b06f28000 ---p 00000000 00:00 0 
7f5b06f28000-7f5b07028000 rw-p 00000000 00:00 0                          [stack:3403]
7f5b07028000-7f5b07029000 ---p 00000000 00:00 0 
7f5b07029000-7f5b07153000 rw-p 00000000 00:00 0                          [stack:3402]
7f5b07153000-7f5b073bd000 ---p 00000000 00:00 0 
7f5b073bd000-7f5b073e7000 rw-p 00000000 00:00 0 
7f5b073e7000-7f5b07651000 ---p 00000000 00:00 0 
7f5b07651000-7f5b07666000 rw-p 00000000 00:00 0 
7f5b07666000-7f5b0779b000 ---p 00000000 00:00 0 
7f5b0779b000-7f5b077a6000 rw-p 00000000 00:00 0 
7f5b077a6000-7f5b07b5c000 ---p 00000000 00:00 0 
7f5b07b5c000-7f5b07dcc000 rwxp 00000000 00:00 0 
7f5b07dcc000-7f5b16b5c000 ---p 00000000 00:00 0 
7f5b16b5c000-7f5b16b76000 r-xp 00000000 08:08 789671                     /usr/lib/jvm/java-8-oracle/jre/lib/amd64/libzip.so
7f5b16b76000-7f5b16d76000 ---p 0001a000 08:08 789671                     /usr/lib/jvm/java-8-oracle/jre/lib/amd64/libzip.so
7f5b16d76000-7f5b16d77000 rw-p 0001a000 08:08 789671                     /usr/lib/jvm/java-8-oracle/jre/lib/amd64/libzip.so
7f5b16d77000-7f5b16d82000 r-xp 00000000 08:08 656581                     /lib/x86_64-linux-gnu/libnss_files-2.19.so
7f5b16d82000-7f5b16f81000 ---p 0000b000 08:08 656581                     /lib/x86_64-linux-gnu/libnss_files-2.19.so
7f5b16f81000-7f5b16f82000 r--p 0000a000 08:08 656581                     /lib/x86_64-linux-gnu/libnss_files-2.19.so
7f5b16f82000-7f5b16f83000 rw-p 0000b000 08:08 656581                     /lib/x86_64-linux-gnu/libnss_files-2.19.so
7f5b16f83000-7f5b16f8e000 r-xp 00000000 08:08 656601                     /lib/x86_64-linux-gnu/libnss_nis-2.19.so
7f5b16f8e000-7f5b1718d000 ---p 0000b000 08:08 656601                     /lib/x86_64-linux-gnu/libnss_nis-2.19.so
7f5b1718d000-7f5b1718e000 r--p 0000a000 08:08 656601                     /lib/x86_64-linux-gnu/libnss_nis-2.19.so
7f5b1718e000-7f5b1718f000 rw-p 0000b000 08:08 656601                     /lib/x86_64-linux-gnu/libnss_nis-2.19.so
7f5b1718f000-7f5b171a6000 r-xp 00000000 08:08 656590                     /lib/x86_64-linux-gnu/libnsl-2.19.so
7f5b171a6000-7f5b173a5000 ---p 00017000 08:08 656590                     /lib/x86_64-linux-gnu/libnsl-2.19.so
7f5b173a5000-7f5b173a6000 r--p 00016000 08:08 656590                     /lib/x86_64-linux-gnu/libnsl-2.19.so
7f5b173a6000-7f5b173a7000 rw-p 00017000 08:08 656590                     /lib/x86_64-linux-gnu/libnsl-2.19.so
7f5b173a7000-7f5b173a9000 rw-p 00000000 00:00 0 
7f5b173a9000-7f5b173b2000 r-xp 00000000 08:08 656589                     /lib/x86_64-linux-gnu/libnss_compat-2.19.so
7f5b173b2000-7f5b175b1000 ---p 00009000 08:08 656589                     /lib/x86_64-linux-gnu/libnss_compat-2.19.so
7f5b175b1000-7f5b175b2000 r--p 00008000 08:08 656589                     /lib/x86_64-linux-gnu/libnss_compat-2.19.so
7f5b175b2000-7f5b175b3000 rw-p 00009000 08:08 656589                     /lib/x86_64-linux-gnu/libnss_compat-2.19.so
7f5b175b3000-7f5b17dc6000 r--p 00000000 08:08 921900                     /usr/lib/locale/locale-archive
7f5b17dc6000-7f5b17dff000 r-xp 00000000 08:08 789698                     /usr/lib/jvm/java-8-oracle/jre/lib/amd64/libjdwp.so
7f5b17dff000-7f5b17ffe000 ---p 00039000 08:08 789698                     /usr/lib/jvm/java-8-oracle/jre/lib/amd64/libjdwp.so
7f5b17ffe000-7f5b18000000 rw-p 00038000 08:08 789698                     /usr/lib/jvm/java-8-oracle/jre/lib/amd64/libjdwp.so
7f5b18000000-7f5b181d7000 rw-p 00000000 00:00 0 
7f5b181d7000-7f5b1c000000 ---p 00000000 00:00 0 
7f5b1c000000-7f5b1c001000 rw-p 00000000 00:00 0 
7f5b1c001000-7f5b1c004000 r--s 00008000 08:09 7472087                    /home/mayamarmalade/.m2/repository/org/eclipse/jetty/websocket/websocket-api/9.4.4.v20170414/websocket-api-9.4.4.v20170414.jar
7f5b1c004000-7f5b1c006000 r--s 00004000 08:09 7472085                    /home/mayamarmalade/.m2/repository/org/eclipse/jetty/websocket/websocket-servlet/9.4.4.v20170414/websocket-servlet-9.4.4.v20170414.jar
7f5b1c006000-7f5b1c00c000 r--s 0003c000 08:09 7472082                    /home/mayamarmalade/.m2/repository/org/eclipse/jetty/jetty-client/9.4.4.v20170414/jetty-client-9.4.4.v20170414.jar
7f5b1c00c000-7f5b1c011000 r--s 0002c000 08:09 7472078                    /home/mayamarmalade/.m2/repository/org/eclipse/jetty/websocket/websocket-common/9.4.4.v20170414/websocket-common-9.4.4.v20170414.jar
7f5b1c011000-7f5b1c013000 r--s 00007000 08:09 7472076                    /home/mayamarmalade/.m2/repository/org/eclipse/jetty/websocket/websocket-server/9.4.4.v20170414/websocket-server-9.4.4.v20170414.jar
7f5b1c013000-7f5b1c016000 r--s 00014000 08:09 7472074                    /home/mayamarmalade/.m2/repository/org/eclipse/jetty/jetty-security/9.4.4.v20170414/jetty-security-9.4.4.v20170414.jar
7f5b1c016000-7f5b1c018000 r--s 00019000 08:09 7472072                    /home/mayamarmalade/.m2/repository/org/eclipse/jetty/jetty-servlet/9.4.4.v20170414/jetty-servlet-9.4.4.v20170414.jar
7f5b1c018000-7f5b1c01a000 r--s 0000b000 08:09 7472070                    /home/mayamarmalade/.m2/repository/org/eclipse/jetty/jetty-xml/9.4.4.v20170414/jetty-xml-9.4.4.v20170414.jar
7f5b1c01a000-7f5b1c01c000 r-xp 00000000 08:08 789029                     /usr/lib/jvm/java-8-oracle/jre/lib/amd64/libnpt.so
7f5b1c01c000-7f5b1c21c000 ---p 00002000 08:08 789029                     /usr/lib/jvm/java-8-oracle/jre/lib/amd64/libnpt.so
7f5b1c21c000-7f5b1c21d000 rw-p 00002000 08:08 789029                     /usr/lib/jvm/java-8-oracle/jre/lib/amd64/libnpt.so
7f5b1c21d000-7f5b1c247000 r-xp 00000000 08:08 788831                     /usr/lib/jvm/java-8-oracle/jre/lib/amd64/libjava.so
7f5b1c247000-7f5b1c447000 ---p 0002a000 08:08 788831                     /usr/lib/jvm/java-8-oracle/jre/lib/amd64/libjava.so
7f5b1c447000-7f5b1c449000 rw-p 0002a000 08:08 788831                     /usr/lib/jvm/java-8-oracle/jre/lib/amd64/libjava.so
7f5b1c449000-7f5b1c456000 r-xp 00000000 08:08 789659                     /usr/lib/jvm/java-8-oracle/jre/lib/amd64/libverify.so
7f5b1c456000-7f5b1c656000 ---p 0000d000 08:08 789659                     /usr/lib/jvm/java-8-oracle/jre/lib/amd64/libverify.so
7f5b1c656000-7f5b1c658000 rw-p 0000d000 08:08 789659                     /usr/lib/jvm/java-8-oracle/jre/lib/amd64/libverify.so
7f5b1c658000-7f5b1c65f000 r-xp 00000000 08:08 656598                     /lib/x86_64-linux-gnu/librt-2.19.so
7f5b1c65f000-7f5b1c85e000 ---p 00007000 08:08 656598                     /lib/x86_64-linux-gnu/librt-2.19.so
7f5b1c85e000-7f5b1c85f000 r--p 00006000 08:08 656598                     /lib/x86_64-linux-gnu/librt-2.19.so
7f5b1c85f000-7f5b1c860000 rw-p 00007000 08:08 656598                     /lib/x86_64-linux-gnu/librt-2.19.so
7f5b1c860000-7f5b1c965000 r-xp 00000000 08:08 656580                     /lib/x86_64-linux-gnu/libm-2.19.so
7f5b1c965000-7f5b1cb64000 ---p 00105000 08:08 656580                     /lib/x86_64-linux-gnu/libm-2.19.so
7f5b1cb64000-7f5b1cb65000 r--p 00104000 08:08 656580                     /lib/x86_64-linux-gnu/libm-2.19.so
7f5b1cb65000-7f5b1cb66000 rw-p 00105000 08:08 656580                     /lib/x86_64-linux-gnu/libm-2.19.so
7f5b1cb66000-7f5b1d825000 r-xp 00000000 08:08 789293                     /usr/lib/jvm/java-8-oracle/jre/lib/amd64/server/libjvm.so
7f5b1d825000-7f5b1da24000 ---p 00cbf000 08:08 789293                     /usr/lib/jvm/java-8-oracle/jre/lib/amd64/server/libjvm.so
7f5b1da24000-7f5b1dafd000 rw-p 00cbe000 08:08 789293                     /usr/lib/jvm/java-8-oracle/jre/lib/amd64/server/libjvm.so
7f5b1dafd000-7f5b1db46000 rw-p 00000000 00:00 0 
7f5b1db46000-7f5b1dd01000 r-xp 00000000 08:08 656595                     /lib/x86_64-linux-gnu/libc-2.19.so
7f5b1dd01000-7f5b1df00000 ---p 001bb000 08:08 656595                     /lib/x86_64-linux-gnu/libc-2.19.so
7f5b1df00000-7f5b1df04000 r--p 001ba000 08:08 656595                     /lib/x86_64-linux-gnu/libc-2.19.so
7f5b1df04000-7f5b1df06000 rw-p 001be000 08:08 656595                     /lib/x86_64-linux-gnu/libc-2.19.so
7f5b1df06000-7f5b1df0b000 rw-p 00000000 00:00 0 
7f5b1df0b000-7f5b1df0e000 r-xp 00000000 08:08 656584                     /lib/x86_64-linux-gnu/libdl-2.19.so
7f5b1df0e000-7f5b1e10d000 ---p 00003000 08:08 656584                     /lib/x86_64-linux-gnu/libdl-2.19.so
7f5b1e10d000-7f5b1e10e000 r--p 00002000 08:08 656584                     /lib/x86_64-linux-gnu/libdl-2.19.so
7f5b1e10e000-7f5b1e10f000 rw-p 00003000 08:08 656584                     /lib/x86_64-linux-gnu/libdl-2.19.so
7f5b1e10f000-7f5b1e124000 r-xp 00000000 08:08 819620                     /usr/lib/jvm/java-8-oracle/lib/amd64/jli/libjli.so
7f5b1e124000-7f5b1e324000 ---p 00015000 08:08 819620                     /usr/lib/jvm/java-8-oracle/lib/amd64/jli/libjli.so
7f5b1e324000-7f5b1e325000 rw-p 00015000 08:08 819620                     /usr/lib/jvm/java-8-oracle/lib/amd64/jli/libjli.so
7f5b1e325000-7f5b1e33e000 r-xp 00000000 08:08 656596                     /lib/x86_64-linux-gnu/libpthread-2.19.so
7f5b1e33e000-7f5b1e53d000 ---p 00019000 08:08 656596                     /lib/x86_64-linux-gnu/libpthread-2.19.so
7f5b1e53d000-7f5b1e53e000 r--p 00018000 08:08 656596                     /lib/x86_64-linux-gnu/libpthread-2.19.so
7f5b1e53e000-7f5b1e53f000 rw-p 00019000 08:08 656596                     /lib/x86_64-linux-gnu/libpthread-2.19.so
7f5b1e53f000-7f5b1e543000 rw-p 00000000 00:00 0 
7f5b1e543000-7f5b1e566000 r-xp 00000000 08:08 656592                     /lib/x86_64-linux-gnu/ld-2.19.so
7f5b1e566000-7f5b1e567000 r--s 00000000 08:09 7472415                    /home/mayamarmalade/.m2/repository/com/sparkjava/spark-template-freemarker/2.5.5/spark-template-freemarker-2.5.5.jar
7f5b1e567000-7f5b1e569000 r--s 0001c000 08:09 7472068                    /home/mayamarmalade/.m2/repository/org/eclipse/jetty/jetty-webapp/9.4.4.v20170414/jetty-webapp-9.4.4.v20170414.jar
7f5b1e569000-7f5b1e56c000 r--s 0001d000 08:09 7472066                    /home/mayamarmalade/.m2/repository/org/eclipse/jetty/jetty-io/9.4.4.v20170414/jetty-io-9.4.4.v20170414.jar
7f5b1e56c000-7f5b1e574000 r--s 00068000 08:09 7472064                    /home/mayamarmalade/.m2/repository/org/eclipse/jetty/jetty-util/9.4.4.v20170414/jetty-util-9.4.4.v20170414.jar
7f5b1e574000-7f5b1e577000 r--s 00025000 08:09 7472062                    /home/mayamarmalade/.m2/repository/org/eclipse/jetty/jetty-http/9.4.4.v20170414/jetty-http-9.4.4.v20170414.jar
7f5b1e577000-7f5b1e642000 rw-p 00000000 00:00 0 
7f5b1e642000-7f5b1e645000 ---p 00000000 00:00 0 
7f5b1e645000-7f5b1e747000 rw-p 00000000 00:00 0                          [stack:3400]
7f5b1e747000-7f5b1e748000 r--s 00007000 08:09 7472080                    /home/mayamarmalade/.m2/repository/org/eclipse/jetty/websocket/websocket-client/9.4.4.v20170414/websocket-client-9.4.4.v20170414.jar
7f5b1e748000-7f5b1e74b000 r--s 00015000 08:09 7472060                    /home/mayamarmalade/.m2/repository/javax/servlet/javax.servlet-api/3.1.0/javax.servlet-api-3.1.0.jar
7f5b1e74b000-7f5b1e753000 r--s 00086000 08:09 7472058                    /home/mayamarmalade/.m2/repository/org/eclipse/jetty/jetty-server/9.4.4.v20170414/jetty-server-9.4.4.v20170414.jar
7f5b1e753000-7f5b1e755000 r--s 00007000 08:09 7341643                    /home/mayamarmalade/.m2/repository/org/slf4j/slf4j-api/1.7.13/slf4j-api-1.7.13.jar
7f5b1e755000-7f5b1e759000 r--s 00021000 08:09 7215160                    /home/mayamarmalade/.m2/repository/com/sparkjava/spark-core/2.6.0/spark-core-2.6.0.jar
7f5b1e759000-7f5b1e761000 rw-s 00000000 08:08 524320                     /tmp/hsperfdata_mayamarmalade/3394
7f5b1e761000-7f5b1e762000 rw-p 00000000 00:00 0 
7f5b1e762000-7f5b1e763000 r--p 00000000 00:00 0 
7f5b1e763000-7f5b1e765000 rw-p 00000000 00:00 0 
7f5b1e765000-7f5b1e766000 r--p 00022000 08:08 656592                     /lib/x86_64-linux-gnu/ld-2.19.so
7f5b1e766000-7f5b1e767000 rw-p 00023000 08:08 656592                     /lib/x86_64-linux-gnu/ld-2.19.so
7f5b1e767000-7f5b1e768000 rw-p 00000000 00:00 0 
7ffc65088000-7ffc650aa000 rw-p 00000000 00:00 0                          [stack]
7ffc65163000-7ffc65165000 r-xp 00000000 00:00 0                          [vdso]
ffffffffff600000-ffffffffff601000 r-xp 00000000 00:00 0                  [vsyscall]

VM Arguments:
jvm_args: -agentlib:jdwp=transport=dt_socket,suspend=y,address=localhost:35193 -Dfile.encoding=UTF-8 
java_command: com.github.tlavrova.randomgenerator.App
java_class_path (initial): /home/mayamarmalade/work/randomgenerator/target/classes:/home/mayamarmalade/.m2/repository/com/sparkjava/spark-core/2.6.0/spark-core-2.6.0.jar:/home/mayamarmalade/.m2/repository/org/slf4j/slf4j-api/1.7.13/slf4j-api-1.7.13.jar:/home/mayamarmalade/.m2/repository/org/eclipse/jetty/jetty-server/9.4.4.v20170414/jetty-server-9.4.4.v20170414.jar:/home/mayamarmalade/.m2/repository/javax/servlet/javax.servlet-api/3.1.0/javax.servlet-api-3.1.0.jar:/home/mayamarmalade/.m2/repository/org/eclipse/jetty/jetty-http/9.4.4.v20170414/jetty-http-9.4.4.v20170414.jar:/home/mayamarmalade/.m2/repository/org/eclipse/jetty/jetty-util/9.4.4.v20170414/jetty-util-9.4.4.v20170414.jar:/home/mayamarmalade/.m2/repository/org/eclipse/jetty/jetty-io/9.4.4.v20170414/jetty-io-9.4.4.v20170414.jar:/home/mayamarmalade/.m2/repository/org/eclipse/jetty/jetty-webapp/9.4.4.v20170414/jetty-webapp-9.4.4.v20170414.jar:/home/mayamarmalade/.m2/repository/org/eclipse/jetty/jetty-xml/9.4.4.v20170414/jetty-xml-9.4.4.v20170414.jar:/home/mayamarmalade/.m2/repository/org/eclipse/jetty/jetty-servlet/9.4.4.v20170414/jetty-servlet-9.4.4.v20170414.jar:/home/mayamarmalade/.m2/repository/org/eclipse/jetty/jetty-security/9.4.4.v20170414/jetty-security-9.4.4.v20170414.jar:/home/mayamarmalade/.m2/repository/org/eclipse/jetty/websocket/websocket-server/9.4.4.v20170414/websocket-server-9.4.4.v20170414.jar:/home/mayamarmalade/.m2/repository/org/eclipse/jetty/websocket/websocket-common/9.4.4.v20170414/websocket-common-9.4.4.v20170414.jar:/home/mayamarmalade/.m2/repository/org/eclipse/jetty/websocket/websocket-client/9.4.4.v20170414/websocket-client-9.4.4.v20170414.jar:/home/mayamarmalade/.m2/repository/org/eclipse/jetty/jetty-client/9.4.4.v20170414/jetty-client-9.4.4.v20170414.jar:/home/mayamarmalade/.m2/repository/org/eclipse/jetty/websocket/websocket-servlet/9.4.4.v20170414/websocket-servlet-9.4.4.v20170414.jar:/home/mayamarmalade/.m2/repository/org/eclipse/jetty/websocket/websocket-api/9.4.4.v2017041
Launcher Type: SUN_STANDARD

Environment Variables:
PATH=/usr/local/sbin:/usr/local/bin:/usr/sbin:/usr/bin:/sbin:/bin:/usr/games:/usr/local/games
SHELL=/bin/bash
DISPLAY=:0.0

Signal Handlers:
SIGSEGV: [libjvm.so+0xabb070], sa_mask[0]=11111111011111111101111111111110, sa_flags=SA_RESTART|SA_SIGINFO
SIGBUS: [libjvm.so+0xabb070], sa_mask[0]=11111111011111111101111111111110, sa_flags=SA_RESTART|SA_SIGINFO
SIGFPE: [libjvm.so+0x918480], sa_mask[0]=11111111011111111101111111111110, sa_flags=SA_RESTART|SA_SIGINFO
SIGPIPE: [libjvm.so+0x918480], sa_mask[0]=11111111011111111101111111111110, sa_flags=SA_RESTART|SA_SIGINFO
SIGXFSZ: [libjvm.so+0x918480], sa_mask[0]=11111111011111111101111111111110, sa_flags=SA_RESTART|SA_SIGINFO
SIGILL: [libjvm.so+0x918480], sa_mask[0]=11111111011111111101111111111110, sa_flags=SA_RESTART|SA_SIGINFO
SIGUSR1: SIG_DFL, sa_mask[0]=00000000000000000000000000000000, sa_flags=none
SIGUSR2: [libjvm.so+0x919ab0], sa_mask[0]=00100000000000000000000000000000, sa_flags=SA_RESTART|SA_SIGINFO
SIGHUP: [libjvm.so+0x91aeb0], sa_mask[0]=11111111011111111101111111111110, sa_flags=SA_RESTART|SA_SIGINFO
SIGINT: [libjvm.so+0x91aeb0], sa_mask[0]=11111111011111111101111111111110, sa_flags=SA_RESTART|SA_SIGINFO
SIGTERM: [libjvm.so+0x91aeb0], sa_mask[0]=11111111011111111101111111111110, sa_flags=SA_RESTART|SA_SIGINFO
SIGQUIT: [libjvm.so+0x91aeb0], sa_mask[0]=11111111011111111101111111111110, sa_flags=SA_RESTART|SA_SIGINFO


---------------  S Y S T E M  ---------------

OS:DISTRIB_ID=Ubuntu
DISTRIB_RELEASE=14.04
DISTRIB_CODENAME=trusty
DISTRIB_DESCRIPTION="Ubuntu 14.04.3 LTS"

uname:Linux 3.13.0-77-generic #121-Ubuntu SMP Wed Jan 20 10:50:42 UTC 2016 x86_64
libc:glibc 2.19 NPTL 2.19 
rlimit: STACK 8192k, CORE 0k, NPROC 62498, NOFILE 4096, AS infinity
load average:0,82 0,61 0,48

/proc/meminfo:
MemTotal:        8107184 kB
MemFree:         4647044 kB
Buffers:          100284 kB
Cached:          1131116 kB
SwapCached:            0 kB
Active:          2241836 kB
Inactive:         984272 kB
Active(anon):    1996536 kB
Inactive(anon):   406204 kB
Active(file):     245300 kB
Inactive(file):   578068 kB
Unevictable:          76 kB
Mlocked:              76 kB
SwapTotal:      10000380 kB
SwapFree:       10000380 kB
Dirty:               464 kB
Writeback:             0 kB
AnonPages:       1994628 kB
Mapped:           365312 kB
Shmem:            408020 kB
Slab:              86552 kB
SReclaimable:      45036 kB
SUnreclaim:        41516 kB
KernelStack:        5840 kB
PageTables:        40872 kB
NFS_Unstable:          0 kB
Bounce:                0 kB
WritebackTmp:          0 kB
CommitLimit:    14053972 kB
Committed_AS:    6845016 kB
VmallocTotal:   34359738367 kB
VmallocUsed:      612708 kB
VmallocChunk:   34359116784 kB
HardwareCorrupted:     0 kB
AnonHugePages:    890880 kB
HugePages_Total:       0
HugePages_Free:        0
HugePages_Rsvd:        0
HugePages_Surp:        0
Hugepagesize:       2048 kB
DirectMap4k:      129536 kB
DirectMap2M:     2947072 kB
DirectMap1G:     5242880 kB


CPU:total 8 (4 cores per cpu, 2 threads per core) family 6 model 60 stepping 3, cmov, cx8, fxsr, mmx, sse, sse2, sse3, ssse3, sse4.1, sse4.2, popcnt, avx, avx2, aes, clmul, erms, lzcnt, ht, tsc, tscinvbit, bmi1, bmi2

/proc/cpuinfo:
processor	: 0
vendor_id	: GenuineIntel
cpu family	: 6
model		: 60
model name	: Intel(R) Core(TM) i7-4702MQ CPU @ 2.20GHz
stepping	: 3
microcode	: 0x1c
cpu MHz		: 2201.000
cache size	: 6144 KB
physical id	: 0
siblings	: 8
core id		: 0
cpu cores	: 4
apicid		: 0
initial apicid	: 0
fpu		: yes
fpu_exception	: yes
cpuid level	: 13
wp		: yes
flags		: fpu vme de pse tsc msr pae mce cx8 apic sep mtrr pge mca cmov pat pse36 clflush dts acpi mmx fxsr sse sse2 ss ht tm pbe syscall nx pdpe1gb rdtscp lm constant_tsc arch_perfmon pebs bts rep_good nopl xtopology nonstop_tsc aperfmperf eagerfpu pni pclmulqdq dtes64 monitor ds_cpl vmx est tm2 ssse3 fma cx16 xtpr pdcm pcid sse4_1 sse4_2 movbe popcnt tsc_deadline_timer aes xsave avx f16c rdrand lahf_lm abm ida arat epb xsaveopt pln pts dtherm tpr_shadow vnmi flexpriority ept vpid fsgsbase tsc_adjust bmi1 avx2 smep bmi2 erms invpcid
bogomips	: 4389.80
clflush size	: 64
cache_alignment	: 64
address sizes	: 39 bits physical, 48 bits virtual
power management:

processor	: 1
vendor_id	: GenuineIntel
cpu family	: 6
model		: 60
model name	: Intel(R) Core(TM) i7-4702MQ CPU @ 2.20GHz
stepping	: 3
microcode	: 0x1c
cpu MHz		: 2201.000
cache size	: 6144 KB
physical id	: 0
siblings	: 8
core id		: 0
cpu cores	: 4
apicid		: 1
initial apicid	: 1
fpu		: yes
fpu_exception	: yes
cpuid level	: 13
wp		: yes
flags		: fpu vme de pse tsc msr pae mce cx8 apic sep mtrr pge mca cmov pat pse36 clflush dts acpi mmx fxsr sse sse2 ss ht tm pbe syscall nx pdpe1gb rdtscp lm constant_tsc arch_perfmon pebs bts rep_good nopl xtopology nonstop_tsc aperfmperf eagerfpu pni pclmulqdq dtes64 monitor ds_cpl vmx est tm2 ssse3 fma cx16 xtpr pdcm pcid sse4_1 sse4_2 movbe popcnt tsc_deadline_timer aes xsave avx f16c rdrand lahf_lm abm ida arat epb xsaveopt pln pts dtherm tpr_shadow vnmi flexpriority ept vpid fsgsbase tsc_adjust bmi1 avx2 smep bmi2 erms invpcid
bogomips	: 4389.80
clflush size	: 64
cache_alignment	: 64
address sizes	: 39 bits physical, 48 bits virtual
power management:

processor	: 2
vendor_id	: GenuineIntel
cpu family	: 6
model		: 60
model name	: Intel(R) Core(TM) i7-4702MQ CPU @ 2.20GHz
stepping	: 3
microcode	: 0x1c
cpu MHz		: 2201.000
cache size	: 6144 KB
physical id	: 0
siblings	: 8
core id		: 1
cpu cores	: 4
apicid		: 2
initial apicid	: 2
fpu		: yes
fpu_exception	: yes
cpuid level	: 13
wp		: yes
flags		: fpu vme de pse tsc msr pae mce cx8 apic sep mtrr pge mca cmov pat pse36 clflush dts acpi mmx fxsr sse sse2 ss ht tm pbe syscall nx pdpe1gb rdtscp lm constant_tsc arch_perfmon pebs bts rep_good nopl xtopology nonstop_tsc aperfmperf eagerfpu pni pclmulqdq dtes64 monitor ds_cpl vmx est tm2 ssse3 fma cx16 xtpr pdcm pcid sse4_1 sse4_2 movbe popcnt tsc_deadline_timer aes xsave avx f16c rdrand lahf_lm abm ida arat epb xsaveopt pln pts dtherm tpr_shadow vnmi flexpriority ept vpid fsgsbase tsc_adjust bmi1 avx2 smep bmi2 erms invpcid
bogomips	: 4389.80
clflush size	: 64
cache_alignment	: 64
address sizes	: 39 bits physical, 48 bits virtual
power management:

processor	: 3
vendor_id	: GenuineIntel
cpu family	: 6
model		: 60
model name	: Intel(R) Core(TM) i7-4702MQ CPU @ 2.20GHz
stepping	: 3
microcode	: 0x1c
cpu MHz		: 2201.000
cache size	: 6144 KB
physical id	: 0
siblings	: 8
core id		: 1
cpu cores	: 4
apicid		: 3
initial apicid	: 3
fpu		: yes
fpu_exception	: yes
cpuid level	: 13
wp		: yes
flags		: fpu vme de pse tsc msr pae mce cx8 apic sep mtrr pge mca cmov pat pse36 clflush dts acpi mmx fxsr sse sse2 ss ht tm pbe syscall nx pdpe1gb rdtscp lm constant_tsc arch_perfmon pebs bts rep_good nopl xtopology nonstop_tsc aperfmperf eagerfpu pni pclmulqdq dtes64 monitor ds_cpl vmx est tm2 ssse3 fma cx16 xtpr pdcm pcid sse4_1 sse4_2 movbe popcnt tsc_deadline_timer aes xsave avx f16c rdrand lahf_lm abm ida arat epb xsaveopt pln pts dtherm tpr_shadow vnmi flexpriority ept vpid fsgsbase tsc_adjust bmi1 avx2 smep bmi2 erms invpcid
bogomips	: 4389.80
clflush size	: 64
cache_alignment	: 64
address sizes	: 39 bits physical, 48 bits virtual
power management:

processor	: 4
vendor_id	: GenuineIntel
cpu family	: 6
model		: 60
model name	: Intel(R) Core(TM) i7-4702MQ CPU @ 2.20GHz
stepping	: 3
microcode	: 0x1c
cpu MHz		: 2201.000
cache size	: 6144 KB
physical id	: 0
siblings	: 8
core id		: 2
cpu cores	: 4
apicid		: 4
initial apicid	: 4
fpu		: yes
fpu_exception	: yes
cpuid level	: 13
wp		: yes
flags		: fpu vme de pse tsc msr pae mce cx8 apic sep mtrr pge mca cmov pat pse36 clflush dts acpi mmx fxsr sse sse2 ss ht tm pbe syscall nx pdpe1gb rdtscp lm constant_tsc arch_perfmon pebs bts rep_good nopl xtopology nonstop_tsc aperfmperf eagerfpu pni pclmulqdq dtes64 monitor ds_cpl vmx est tm2 ssse3 fma cx16 xtpr pdcm pcid sse4_1 sse4_2 movbe popcnt tsc_deadline_timer aes xsave avx f16c rdrand lahf_lm abm ida arat epb xsaveopt pln pts dtherm tpr_shadow vnmi flexpriority ept vpid fsgsbase tsc_adjust bmi1 avx2 smep bmi2 erms invpcid
bogomips	: 4389.80
clflush size	: 64
cache_alignment	: 64
address sizes	: 39 bits physical, 48 bits virtual
power management:

processor	: 5
vendor_id	: GenuineIntel
cpu family	: 6
model		: 60
model name	: Intel(R) Core(TM) i7-4702MQ CPU @ 2.20GHz
stepping	: 3
microcode	: 0x1c
cpu MHz		: 800.000
cache size	: 6144 KB
physical id	: 0
siblings	: 8
core id		: 2
cpu cores	: 4
apicid		: 5
initial apicid	: 5
fpu		: yes
fpu_exception	: yes
cpuid level	: 13
wp		: yes
flags		: fpu vme de pse tsc msr pae mce cx8 apic sep mtrr pge mca cmov pat pse36 clflush dts acpi mmx fxsr sse sse2 ss ht tm pbe syscall nx pdpe1gb rdtscp lm constant_tsc arch_perfmon pebs bts rep_good nopl xtopology nonstop_tsc aperfmperf eagerfpu pni pclmulqdq dtes64 monitor ds_cpl vmx est tm2 ssse3 fma cx16 xtpr pdcm pcid sse4_1 sse4_2 movbe popcnt tsc_deadline_timer aes xsave avx f16c rdrand lahf_lm abm ida arat epb xsaveopt pln pts dtherm tpr_shadow vnmi flexpriority ept vpid fsgsbase tsc_adjust bmi1 avx2 smep bmi2 erms invpcid
bogomips	: 4389.80
clflush size	: 64
cache_alignment	: 64
address sizes	: 39 bits physical, 48 bits virtual
power management:

processor	: 6
vendor_id	: GenuineIntel
cpu family	: 6
model		: 60
model name	: Intel(R) Core(TM) i7-4702MQ CPU @ 2.20GHz
stepping	: 3
microcode	: 0x1c
cpu MHz		: 2100.000
cache size	: 6144 KB
physical id	: 0
siblings	: 8
core id		: 3
cpu cores	: 4
apicid		: 6
initial apicid	: 6
fpu		: yes
fpu_exception	: yes
cpuid level	: 13
wp		: yes
flags		: fpu vme de pse tsc msr pae mce cx8 apic sep mtrr pge mca cmov pat pse36 clflush dts acpi mmx fxsr sse sse2 ss ht tm pbe syscall nx pdpe1gb rdtscp lm constant_tsc arch_perfmon pebs bts rep_good nopl xtopology nonstop_tsc aperfmperf eagerfpu pni pclmulqdq dtes64 monitor ds_cpl vmx est tm2 ssse3 fma cx16 xtpr pdcm pcid sse4_1 sse4_2 movbe popcnt tsc_deadline_timer aes xsave avx f16c rdrand lahf_lm abm ida arat epb xsaveopt pln pts dtherm tpr_shadow vnmi flexpriority ept vpid fsgsbase tsc_adjust bmi1 avx2 smep bmi2 erms invpcid
bogomips	: 4389.80
clflush size	: 64
cache_alignment	: 64
address sizes	: 39 bits physical, 48 bits virtual
power management:

processor	: 7
vendor_id	: GenuineIntel
cpu family	: 6
model		: 60
model name	: Intel(R) Core(TM) i7-4702MQ CPU @ 2.20GHz
stepping	: 3
microcode	: 0x1c
cpu MHz		: 2201.000
cache size	: 6144 KB
physical id	: 0
siblings	: 8
core id		: 3
cpu cores	: 4
apicid		: 7
initial apicid	: 7
fpu		: yes
fpu_exception	: yes
cpuid level	: 13
wp		: yes
flags		: fpu vme de pse tsc msr pae mce cx8 apic sep mtrr pge mca cmov pat pse36 clflush dts acpi mmx fxsr sse sse2 ss ht tm pbe syscall nx pdpe1gb rdtscp lm constant_tsc arch_perfmon pebs bts rep_good nopl xtopology nonstop_tsc aperfmperf eagerfpu pni pclmulqdq dtes64 monitor ds_cpl vmx est tm2 ssse3 fma cx16 xtpr pdcm pcid sse4_1 sse4_2 movbe popcnt tsc_deadline_timer aes xsave avx f16c rdrand lahf_lm abm ida arat epb xsaveopt pln pts dtherm tpr_shadow vnmi flexpriority ept vpid fsgsbase tsc_adjust bmi1 avx2 smep bmi2 erms invpcid
bogomips	: 4389.80
clflush size	: 64
cache_alignment	: 64
address sizes	: 39 bits physical, 48 bits virtual
power management:



Memory: 4k page, physical 8107184k(4647044k free), swap 10000380k(10000380k free)

vm_info: Java HotSpot(TM) 64-Bit Server VM (25.72-b15) for linux-amd64 JRE (1.8.0_72-b15), built on Dec 22 2015 22:00:07 by "java_re" with gcc 4.3.0 20080428 (Red Hat 4.3.0-8)

time: Tue Aug  8 21:49:42 2017
elapsed time: 972 seconds (0d 0h 16m 12s)

